2022-11-03 19:56:53 [32minfo[39m: Running on PORT 3030
2022-11-03 20:02:54 [32minfo[39m: Running on PORT 3030
2022-11-03 20:05:01 [32minfo[39m: Running on PORT 3030
2022-11-03 20:05:15 [32minfo[39m: Running on PORT 3030
2022-11-03 20:05:22 [32minfo[39m: Running on PORT 3030
2022-11-03 20:05:33 [32minfo[39m: Running on PORT 3030
2022-11-03 20:13:02 [32minfo[39m: Running on PORT 3030
2022-11-03 20:13:14 [32minfo[39m: Running on PORT 3030
2022-11-03 20:13:26 [32minfo[39m: Running on PORT 3030
2022-11-03 20:13:33 [32minfo[39m: Running on PORT 3030
2022-11-03 20:13:50 [32minfo[39m: Running on PORT 3030
2022-11-03 20:13:54 [32minfo[39m: Running on PORT 3030
2022-11-03 20:13:57 [32minfo[39m: Running on PORT 3030
2022-11-03 20:14:11 [32minfo[39m: Running on PORT 3030
2022-11-03 20:14:14 [32minfo[39m: Running on PORT 3030
2022-11-03 20:14:42 [32minfo[39m: Running on PORT 3030
2022-11-03 20:14:46 [32minfo[39m: Running on PORT 3030
2022-11-03 20:14:49 [32minfo[39m: Running on PORT 3030
2022-11-03 20:14:52 [32minfo[39m: Running on PORT 3030
2022-11-03 20:16:39 [32minfo[39m: Running on PORT 3030
2022-11-03 20:17:15 [32minfo[39m: Running on PORT 3030
2022-11-03 20:17:24 [32minfo[39m: Running on PORT 3030
2022-11-03 20:17:47 [32minfo[39m: Running on PORT 3030
2022-11-03 20:17:51 [32minfo[39m: Running on PORT 3030
2022-11-03 20:18:17 [32minfo[39m: Running on PORT 3030
2022-11-03 20:18:33 [32minfo[39m: Running on PORT 3030
2022-11-03 20:18:36 [32minfo[39m: Running on PORT 3030
2022-11-03 20:18:40 [32minfo[39m: Running on PORT 3030
2022-11-03 20:19:18 [32minfo[39m: Running on PORT 3030
2022-11-03 20:19:20 [32minfo[39m: Running on PORT 3030
2022-11-03 20:19:23 [32minfo[39m: Running on PORT 3030
2022-11-03 20:19:26 [32minfo[39m: Running on PORT 3030
2022-11-03 20:19:33 [32minfo[39m: Running on PORT 3030
2022-11-03 20:19:38 [32minfo[39m: Running on PORT 3030
2022-11-03 20:19:40 [32minfo[39m: Running on PORT 3030
2022-11-03 20:19:43 [32minfo[39m: Running on PORT 3030
2022-11-03 20:21:11 [32minfo[39m: Running on PORT 3030
2022-11-03 20:23:26 [32minfo[39m: Running on PORT 3030
2022-11-03 20:24:45 [32minfo[39m: Running on PORT 3030
2022-11-03 20:25:19 [32minfo[39m: Running on PORT 3030
2022-11-03 20:25:22 [32minfo[39m: Running on PORT 3030
2022-11-03 20:31:25 [32minfo[39m: Running on PORT 3030
2022-11-03 20:31:42 [32minfo[39m: Running on PORT 3030
2022-11-03 20:32:18 [32minfo[39m: Running on PORT 3030
2022-11-03 20:32:29 [32minfo[39m: Running on PORT 3030
2022-11-03 20:32:33 [32minfo[39m: Running on PORT 3030
2022-11-03 20:32:38 [32minfo[39m: Running on PORT 3030
2022-11-03 20:33:09 [32minfo[39m: Running on PORT 3030
2022-11-03 20:33:12 [32minfo[39m: Running on PORT 3030
2022-11-03 20:33:13 [32minfo[39m: Running on PORT 3030
2022-11-03 20:33:17 [32minfo[39m: Running on PORT 3030
2022-11-03 20:33:30 [32minfo[39m: Running on PORT 3030
2022-11-03 20:34:32 [32minfo[39m: Running on PORT 3030
2022-11-03 20:34:51 [32minfo[39m: Running on PORT 3030
2022-11-03 20:34:53 [32minfo[39m: Running on PORT 3030
2022-11-03 20:34:59 [32minfo[39m: Running on PORT 3030
2022-11-03 20:36:11 [32minfo[39m: Running on PORT 3030
2022-11-03 20:36:13 [32minfo[39m: Running on PORT 3030
2022-11-03 20:36:16 [32minfo[39m: Running on PORT 3030
2022-11-03 20:36:20 [32minfo[39m: Running on PORT 3030
2022-11-03 20:36:30 [32minfo[39m: Running on PORT 3030
2022-11-03 20:36:35 [32minfo[39m: Running on PORT 3030
2022-11-03 20:37:09 [32minfo[39m: Running on PORT 3030
2022-11-03 20:37:15 [32minfo[39m: Running on PORT 3030
2022-11-03 20:37:27 [32minfo[39m: Running on PORT 3030
2022-11-03 20:37:46 [32minfo[39m: Running on PORT 3030
2022-11-03 20:41:30 [32minfo[39m: Running on PORT 3030
2022-11-03 20:42:51 [32minfo[39m: Running on PORT 3030
2022-11-03 20:43:34 [32minfo[39m: Running on PORT 3030
2022-11-03 20:43:39 [32minfo[39m: Running on PORT 3030
2022-11-03 20:43:46 [32minfo[39m: Running on PORT 3030
2022-11-03 20:43:53 [32minfo[39m: Running on PORT 3030
2022-11-03 20:45:31 [32minfo[39m: Running on PORT 3030
2022-11-03 20:45:38 [32minfo[39m: Running on PORT 3030
2022-11-03 20:45:41 [32minfo[39m: Running on PORT 3030
2022-11-03 20:45:44 [32minfo[39m: Running on PORT 3030
2022-11-03 20:45:47 [32minfo[39m: Running on PORT 3030
2022-11-03 20:45:54 [32minfo[39m: Running on PORT 3030
2022-11-03 20:46:33 [32minfo[39m: Running on PORT 3030
2022-11-03 20:46:37 [32minfo[39m: Running on PORT 3030
2022-11-03 20:46:40 [32minfo[39m: Running on PORT 3030
2022-11-03 20:46:46 [32minfo[39m: Running on PORT 3030
2022-11-03 20:46:51 [32minfo[39m: Running on PORT 3030
2022-11-03 20:47:06 [32minfo[39m: Running on PORT 3030
2022-11-03 20:47:12 [32minfo[39m: Running on PORT 3030
2022-11-03 20:47:43 [32minfo[39m: Running on PORT 3030
2022-11-03 20:48:11 [32minfo[39m: Running on PORT 3030
2022-11-03 20:48:15 [32minfo[39m: Running on PORT 3030
2022-11-03 20:48:18 [32minfo[39m: Running on PORT 3030
2022-11-03 20:48:24 [32minfo[39m: Running on PORT 3030
2022-11-03 20:48:50 [32minfo[39m: Running on PORT 3030
2022-11-03 20:48:58 [32minfo[39m: Running on PORT 3030
2022-11-03 20:49:01 [32minfo[39m: Running on PORT 3030
2022-11-03 20:49:06 [32minfo[39m: Running on PORT 3030
2022-11-03 20:49:23 [32minfo[39m: Running on PORT 3030
2022-11-03 21:01:48 [32minfo[39m: Running on PORT 3030
2022-11-03 21:02:00 [32minfo[39m: Running on PORT 3030
2022-11-03 21:09:52 [32minfo[39m: Running on PORT 3030
2022-11-03 21:24:01 [32minfo[39m: Running on PORT 3030
2022-11-03 21:26:20 [32minfo[39m: Running on PORT 3030
2022-11-03 21:26:30 [32minfo[39m: Running on PORT 3030
2022-11-03 21:26:37 [32minfo[39m: Running on PORT 3030
2022-11-03 21:26:43 [32minfo[39m: Running on PORT 3030
2022-11-03 21:26:53 [32minfo[39m: Running on PORT 3030
2022-11-03 21:26:59 [32minfo[39m: Running on PORT 3030
2022-11-03 21:27:08 [32minfo[39m: Running on PORT 3030
2022-11-03 21:27:35 [32minfo[39m: Running on PORT 3030
2022-11-03 21:28:02 [32minfo[39m: Running on PORT 3030
2022-11-03 21:29:24 [32minfo[39m: Running on PORT 3030
2022-11-03 21:29:56 [32minfo[39m: Running on PORT 3030
2022-11-03 21:31:05 [32minfo[39m: Running on PORT 3030
2022-11-03 21:33:23 [32minfo[39m: Running on PORT 3030
2022-11-03 21:33:29 [32minfo[39m: Running on PORT 3030
2022-11-03 21:40:44 [32minfo[39m: Running on PORT 3030
2022-11-03 21:41:12 [32minfo[39m: got to get all blogs
2022-11-03 21:41:51 [32minfo[39m: Running on PORT 3030
2022-11-03 21:41:57 [32minfo[39m: got to get all blogs
2022-11-03 21:44:03 [32minfo[39m: Running on PORT 3030
2022-11-03 21:44:14 [32minfo[39m: got to get all blogs
2022-11-03 21:45:08 [32minfo[39m: Running on PORT 3030
2022-11-03 21:48:11 [32minfo[39m: Running on PORT 3030
2022-11-03 21:48:17 [32minfo[39m: got to get all blogs
2022-11-03 21:51:13 [32minfo[39m: Running on PORT 3030
2022-11-03 21:51:14 [32minfo[39m: got to get all blogs
2022-11-03 21:54:49 [32minfo[39m: Running on PORT 3030
2022-11-03 21:55:01 [32minfo[39m: Running on PORT 3030
2022-11-03 21:55:22 [32minfo[39m: Running on PORT 3030
2022-11-03 21:59:37 [32minfo[39m: Running on PORT 3030
2022-11-03 22:00:18 [32minfo[39m: Running on PORT 3030
2022-11-03 22:04:19 [32minfo[39m: Running on PORT 3030
2022-11-03 22:07:40 [32minfo[39m: Running on PORT 3030
2022-11-03 22:08:10 [32minfo[39m: Running on PORT 3030
2022-11-03 22:08:50 [32minfo[39m: got to get all blogs
2022-11-03 22:09:44 [32minfo[39m: Running on PORT 3030
2022-11-03 22:10:02 [32minfo[39m: got to get all blogs
2022-11-03 22:21:32 [32minfo[39m: Running on PORT 3030
2022-11-03 22:25:03 [32minfo[39m: Running on PORT 3030
2022-11-03 22:25:07 [32minfo[39m: Running on PORT 3030
2022-11-03 22:25:30 [32minfo[39m: Running on PORT 3030
2022-11-03 22:25:33 [32minfo[39m: Running on PORT 3030
2022-11-03 22:26:08 [32minfo[39m: Running on PORT 3030
2022-11-03 22:28:27 [32minfo[39m: Running on PORT 3030
2022-11-03 22:28:35 [32minfo[39m: Running on PORT 3030
2022-11-03 22:48:13 [32minfo[39m: Running on PORT 3030
2022-11-03 22:49:00 [32minfo[39m: Running on PORT 3030
2022-11-03 22:49:44 [32minfo[39m: Running on PORT 3030
2022-11-03 22:50:01 [32minfo[39m: Running on PORT 3030
2022-11-03 22:50:31 [32minfo[39m: Running on PORT 3030
2022-11-03 22:57:25 [32minfo[39m: Running on PORT 3030
2022-11-03 23:00:02 [32minfo[39m: Running on PORT 3030
2022-11-03 23:00:08 [32minfo[39m: Running on PORT 3030
2022-11-03 23:00:33 [32minfo[39m: Running on PORT 3030
2022-11-03 23:00:56 [32minfo[39m: Running on PORT 3030
2022-11-03 23:01:08 [32minfo[39m: Running on PORT 3030
2022-11-03 23:01:20 [32minfo[39m: Running on PORT 3030
2022-11-03 23:02:04 [32minfo[39m: Running on PORT 3030
2022-11-03 23:02:45 [32minfo[39m: Running on PORT 3030
2022-11-03 23:03:36 [32minfo[39m: Running on PORT 3030
2022-11-03 23:04:35 [32minfo[39m: Running on PORT 3030
2022-11-03 23:04:46 [32minfo[39m: Running on PORT 3030
2022-11-03 23:04:53 [32minfo[39m: Running on PORT 3030
2022-11-03 23:05:17 [32minfo[39m: Running on PORT 3030
2022-11-03 23:06:49 [32minfo[39m: Running on PORT 3030
2022-11-03 23:06:54 [32minfo[39m: Your Mongodb has been connected successfully
2022-11-03 23:08:21 [32minfo[39m: Running on PORT 3030
2022-11-03 23:08:26 [32minfo[39m: Running on PORT 3030
2022-11-03 23:08:29 [32minfo[39m: Your Mongodb has been connected successfully
2022-11-03 23:14:27 [32minfo[39m: Running on PORT 3030
2022-11-03 23:14:31 [32minfo[39m: Your Mongodb has been connected successfully
2022-11-03 23:14:48 [32minfo[39m: Running on PORT 3030
2022-11-03 23:14:52 [32minfo[39m: Running on PORT 3030
2022-11-03 23:14:56 [32minfo[39m: Running on PORT 3030
2022-11-03 23:14:58 [32minfo[39m: Running on PORT 3030
2022-11-03 23:15:02 [32minfo[39m: Your Mongodb has been connected successfully
2022-11-03 23:15:07 [32minfo[39m: Running on PORT 3030
2022-11-03 23:15:10 [32minfo[39m: Your Mongodb has been connected successfully
2022-11-03 23:15:28 [32minfo[39m: Running on PORT 3030
2022-11-03 23:15:36 [32minfo[39m: Your Mongodb has been connected successfully
2022-11-03 23:16:44 [31merror[39m: Error [ERR_HTTP_HEADERS_SENT]: Cannot set headers after they are sent to the client
    at new NodeError (node:internal/errors:387:5)
    at ServerResponse.setHeader (node:_http_outgoing:603:11)
    at ServerResponse.header (/Users/daraadesoji/Documents/Javascript/altschool/Backend_Engineering/blogging-api/node_modules/express/lib/response.js:794:10)
    at ServerResponse.send (/Users/daraadesoji/Documents/Javascript/altschool/Backend_Engineering/blogging-api/node_modules/express/lib/response.js:174:12)
    at ServerResponse.json (/Users/daraadesoji/Documents/Javascript/altschool/Backend_Engineering/blogging-api/node_modules/express/lib/response.js:278:15)
    at ServerResponse.send (/Users/daraadesoji/Documents/Javascript/altschool/Backend_Engineering/blogging-api/node_modules/express/lib/response.js:162:21)
    at /Users/daraadesoji/Documents/Javascript/altschool/Backend_Engineering/blogging-api/controllers/blog.controller.js:10:13
    at processTicksAndRejections (node:internal/process/task_queues:96:5)
2022-11-03 23:17:20 [32minfo[39m: Running on PORT 3030
2022-11-03 23:17:24 [32minfo[39m: Your Mongodb has been connected successfully
2022-11-03 23:17:51 [32minfo[39m: Running on PORT 3030
2022-11-03 23:18:29 [32minfo[39m: Running on PORT 3030
2022-11-03 23:18:34 [32minfo[39m: Running on PORT 3030
2022-11-03 23:19:17 [32minfo[39m: Running on PORT 3030
2022-11-03 23:19:20 [32minfo[39m: Your Mongodb has been connected successfully
2022-11-03 23:19:50 [32minfo[39m: Running on PORT 3030
2022-11-03 23:19:56 [32minfo[39m: Your Mongodb has been connected successfully
2022-11-03 23:20:25 [32minfo[39m: Running on PORT 3030
2022-11-03 23:20:27 [32minfo[39m: Your Mongodb has been connected successfully
2022-11-03 23:20:40 [32minfo[39m: Running on PORT 3030
2022-11-03 23:20:49 [32minfo[39m: Running on PORT 3030
2022-11-03 23:20:59 [32minfo[39m: Running on PORT 3030
2022-11-03 23:21:01 [32minfo[39m: Your Mongodb has been connected successfully
2022-11-03 23:21:08 [32minfo[39m: Running on PORT 3030
2022-11-03 23:21:10 [32minfo[39m: Your Mongodb has been connected successfully
2022-11-03 23:23:20 [32minfo[39m: Running on PORT 3030
2022-11-03 23:23:23 [32minfo[39m: Your Mongodb has been connected successfully
2022-11-03 23:23:30 [32minfo[39m: Running on PORT 3030
2022-11-03 23:23:32 [32minfo[39m: Your Mongodb has been connected successfully
2022-11-03 23:23:40 [32minfo[39m: Running on PORT 3030
2022-11-03 23:23:51 [32minfo[39m: Running on PORT 3030
2022-11-03 23:23:55 [32minfo[39m: Running on PORT 3030
2022-11-03 23:23:56 [32minfo[39m: Your Mongodb has been connected successfully
2022-11-03 23:24:03 [32minfo[39m: Running on PORT 3030
2022-11-03 23:24:06 [32minfo[39m: Your Mongodb has been connected successfully
2022-11-03 23:24:28 [32minfo[39m: Running on PORT 3030
2022-11-03 23:24:31 [32minfo[39m: Your Mongodb has been connected successfully
2022-11-03 23:25:06 [32minfo[39m: Running on PORT 3030
2022-11-03 23:25:54 [32minfo[39m: Running on PORT 3030
2022-11-03 23:26:01 [32minfo[39m: Running on PORT 3030
2022-11-03 23:26:04 [32minfo[39m: Running on PORT 3030
2022-11-03 23:27:02 [32minfo[39m: Running on PORT 3030
2022-11-03 23:27:04 [32minfo[39m: Running on PORT 3030
2022-11-03 23:27:08 [32minfo[39m: Running on PORT 3030
2022-11-03 23:27:12 [32minfo[39m: Running on PORT 3030
2022-11-03 23:27:19 [32minfo[39m: Running on PORT 3030
2022-11-03 23:29:01 [32minfo[39m: Running on PORT 3030
2022-11-03 23:30:08 [32minfo[39m: Running on PORT 3030
2022-11-03 23:30:18 [32minfo[39m: Running on PORT 3030
2022-11-03 23:30:41 [32minfo[39m: Running on PORT 3030
2022-11-03 23:30:45 [32minfo[39m: Running on PORT 3030
2022-11-03 23:31:02 [32minfo[39m: Running on PORT 3030
2022-11-03 23:31:23 [32minfo[39m: Running on PORT 3030
2022-11-03 23:31:37 [32minfo[39m: Running on PORT 3030
2022-11-03 23:32:51 [32minfo[39m: Running on PORT 3030
2022-11-03 23:38:28 [32minfo[39m: Running on PORT 3030
2022-11-03 23:38:35 [32minfo[39m: Your Mongodb has been connected successfully
2022-11-03 23:39:12 [32minfo[39m: Running on PORT 3030
2022-11-03 23:39:16 [32minfo[39m: Your Mongodb has been connected successfully
2022-11-03 23:40:28 [32minfo[39m: Running on PORT 3030
2022-11-03 23:41:04 [32minfo[39m: Running on PORT 3030
2022-11-03 23:41:57 [31merror[39m: MongooseError: Operation `blogs.findOneAndUpdate()` buffering timed out after 10000ms
    at Timeout.<anonymous> (/Users/daraadesoji/Documents/Javascript/altschool/Backend_Engineering/blogging-api/node_modules/mongoose/lib/drivers/node-mongodb-native/collection.js:153:23)
    at listOnTimeout (node:internal/timers:559:17)
    at processTimers (node:internal/timers:502:7)
2022-11-03 23:42:20 [31merror[39m: Error: querySrv ETIMEOUT _mongodb._tcp.cluster0.f9e9q5n.mongodb.net
    at QueryReqWrap.onresolve [as oncomplete] (node:internal/dns/promises:240:17)
2022-11-03 23:42:54 [32minfo[39m: Running on PORT 3030
2022-11-03 23:44:10 [31merror[39m: Error: querySrv ETIMEOUT _mongodb._tcp.cluster0.f9e9q5n.mongodb.net
    at QueryReqWrap.onresolve [as oncomplete] (node:internal/dns/promises:240:17)
2022-11-03 23:49:33 [32minfo[39m: Running on PORT 3030
2022-11-03 23:49:35 [32minfo[39m: Your Mongodb has been connected successfully
2022-11-03 23:55:09 [32minfo[39m: Running on PORT 3030
2022-11-03 23:55:13 [32minfo[39m: Your Mongodb has been connected successfully
2022-11-03 23:55:26 [32minfo[39m: Running on PORT 3030
2022-11-03 23:55:28 [32minfo[39m: Your Mongodb has been connected successfully
2022-11-04 00:02:19 [32minfo[39m: Running on PORT 3030
2022-11-04 00:04:11 [32minfo[39m: Running on PORT 3030
2022-11-04 00:04:17 [32minfo[39m: Running on PORT 3030
2022-11-04 00:04:22 [32minfo[39m: Running on PORT 3030
2022-11-04 00:04:25 [32minfo[39m: Running on PORT 3030
2022-11-04 00:04:29 [32minfo[39m: Running on PORT 3030
2022-11-04 00:04:32 [32minfo[39m: Running on PORT 3030
2022-11-04 00:04:46 [32minfo[39m: Running on PORT 3030
2022-11-04 00:04:50 [32minfo[39m: Running on PORT 3030
2022-11-04 00:04:58 [32minfo[39m: Running on PORT 3030
2022-11-04 08:22:44 [32minfo[39m: Running on PORT 3030
2022-11-04 08:53:12 [32minfo[39m: Running on PORT 3030
2022-11-04 08:53:33 [32minfo[39m: Running on PORT 3030
2022-11-04 08:53:40 [32minfo[39m: Running on PORT 3030
2022-11-04 08:53:45 [32minfo[39m: Running on PORT 3030
2022-11-04 08:54:02 [32minfo[39m: Running on PORT 3030
2022-11-04 08:54:11 [32minfo[39m: Running on PORT 3030
2022-11-04 08:54:32 [32minfo[39m: Running on PORT 3030
2022-11-04 08:55:54 [32minfo[39m: Running on PORT 3030
2022-11-04 08:56:04 [32minfo[39m: Running on PORT 3030
2022-11-04 08:56:12 [32minfo[39m: Running on PORT 3030
2022-11-04 08:56:20 [32minfo[39m: Running on PORT 3030
2022-11-04 08:56:29 [32minfo[39m: Running on PORT 3030
2022-11-04 08:56:34 [32minfo[39m: Running on PORT 3030
2022-11-04 08:56:57 [32minfo[39m: Running on PORT 3030
2022-11-04 08:57:03 [32minfo[39m: Running on PORT 3030
2022-11-04 08:57:16 [32minfo[39m: Running on PORT 3030
2022-11-04 08:57:19 [32minfo[39m: Running on PORT 3030
2022-11-04 08:57:27 [32minfo[39m: Running on PORT 3030
2022-11-04 08:57:38 [32minfo[39m: Running on PORT 3030
2022-11-04 08:57:47 [32minfo[39m: Running on PORT 3030
2022-11-04 08:58:01 [32minfo[39m: Running on PORT 3030
2022-11-04 08:58:08 [32minfo[39m: Running on PORT 3030
2022-11-04 08:58:49 [32minfo[39m: Running on PORT 3030
2022-11-04 08:58:55 [32minfo[39m: Running on PORT 3030
2022-11-04 09:00:40 [32minfo[39m: Running on PORT 3030
2022-11-04 09:00:57 [32minfo[39m: Running on PORT 3030
2022-11-04 09:04:29 [32minfo[39m: Running on PORT 3030
2022-11-04 09:13:26 [32minfo[39m: Running on PORT 3030
2022-11-04 09:14:51 [32minfo[39m: Running on PORT 3030
2022-11-04 09:15:23 [32minfo[39m: Running on PORT 3030
2022-11-04 09:15:34 [32minfo[39m: Running on PORT 3030
2022-11-04 09:15:58 [32minfo[39m: Running on PORT 3030
2022-11-04 09:17:14 [32minfo[39m: Running on PORT 3030
2022-11-04 09:17:32 [32minfo[39m: Running on PORT 3030
2022-11-04 09:17:42 [32minfo[39m: Running on PORT 3030
2022-11-04 09:18:01 [32minfo[39m: Running on PORT 3030
2022-11-04 09:20:06 [32minfo[39m: Running on PORT 3030
2022-11-04 09:20:33 [32minfo[39m: Running on PORT 3030
2022-11-04 09:20:54 [32minfo[39m: Running on PORT 3030
2022-11-04 09:21:45 [32minfo[39m: Running on PORT 3030
2022-11-04 09:21:48 [32minfo[39m: Your Mongodb has been connected successfully
2022-11-04 12:37:12 [32minfo[39m: Your Mongodb has been connected successfully
2022-11-04 15:19:53 [32minfo[39m: Your Mongodb has been connected successfully
2022-11-04 16:05:21 [32minfo[39m: Running on PORT 3030
2022-11-04 16:41:53 [32minfo[39m: Running on PORT 3030
2022-11-04 16:42:46 [32minfo[39m: Running on PORT 3030
2022-11-04 16:42:49 [32minfo[39m: Your Mongodb has been connected successfully
2022-11-04 16:44:52 [32minfo[39m: Running on PORT 3030
2022-11-04 16:44:54 [32minfo[39m: Your Mongodb has been connected successfully
2022-11-04 16:45:26 [32minfo[39m: Running on PORT 3030
2022-11-04 16:45:32 [32minfo[39m: ValidationError: User validation failed: last_name: Path `last_name` is required., first_name: Path `first_name` is required.
    at model.Document.invalidate (/Users/daraadesoji/Documents/Javascript/altschool/Backend_Engineering/blogging-api/node_modules/mongoose/lib/document.js:3097:32)
    at /Users/daraadesoji/Documents/Javascript/altschool/Backend_Engineering/blogging-api/node_modules/mongoose/lib/document.js:2885:17
    at /Users/daraadesoji/Documents/Javascript/altschool/Backend_Engineering/blogging-api/node_modules/mongoose/lib/schematype.js:1349:9
    at processTicksAndRejections (node:internal/process/task_queues:78:11)
2022-11-04 16:45:49 [32minfo[39m: Your Mongodb has been connected successfully
2022-11-04 16:52:26 [32minfo[39m: ReferenceError: generate is not defined
    at login (/Users/daraadesoji/Documents/Javascript/altschool/Backend_Engineering/blogging-api/controllers/auth.controller.js:64:23)
    at processTicksAndRejections (node:internal/process/task_queues:96:5)
2022-11-04 17:44:23 [32minfo[39m: Running on PORT 3030
2022-11-04 17:44:34 [32minfo[39m: Running on PORT 3030
2022-11-04 17:44:35 [32minfo[39m: Your Mongodb has been connected successfully
2022-11-04 17:44:39 [32minfo[39m: ReferenceError: generate is not defined
    at login (/Users/daraadesoji/Documents/Javascript/altschool/Backend_Engineering/blogging-api/controllers/auth.controller.js:64:23)
    at processTicksAndRejections (node:internal/process/task_queues:96:5)
2022-11-04 17:45:36 [32minfo[39m: Running on PORT 3030
2022-11-04 17:45:39 [32minfo[39m: Your Mongodb has been connected successfully
2022-11-04 18:06:37 [32minfo[39m: Running on PORT 3030
2022-11-04 19:23:34 [32minfo[39m: Running on PORT 3030
2022-11-04 19:24:16 [32minfo[39m: Running on PORT 3030
2022-11-04 19:25:40 [32minfo[39m: Running on PORT 3030
2022-11-04 19:25:52 [32minfo[39m: Running on PORT 3030
2022-11-04 19:26:50 [32minfo[39m: Running on PORT 3030
2022-11-04 19:27:17 [32minfo[39m: Running on PORT 3030
2022-11-04 19:27:34 [32minfo[39m: Running on PORT 3030
2022-11-04 19:27:36 [32minfo[39m: Your Mongodb has been connected successfully
2022-11-04 19:29:29 [32minfo[39m: Running on PORT 3030
2022-11-04 19:29:32 [32minfo[39m: Your Mongodb has been connected successfully
2022-11-04 19:30:10 [32minfo[39m: Running on PORT 3030
2022-11-04 19:30:25 [32minfo[39m: Running on PORT 3030
2022-11-04 19:30:38 [32minfo[39m: Your Mongodb has been connected successfully
2022-11-04 19:31:09 [32minfo[39m: Running on PORT 3030
2022-11-04 19:31:11 [32minfo[39m: Your Mongodb has been connected successfully
2022-11-04 19:32:18 [32minfo[39m: Running on PORT 3030
2022-11-04 19:32:23 [32minfo[39m: Your Mongodb has been connected successfully
2022-11-04 19:35:49 [32minfo[39m: Running on PORT 3030
2022-11-04 19:35:51 [32minfo[39m: Your Mongodb has been connected successfully
2022-11-04 19:37:24 [32minfo[39m: Running on PORT 3030
2022-11-04 19:37:31 [32minfo[39m: Your Mongodb has been connected successfully
2022-11-04 19:37:40 [32minfo[39m: Running on PORT 3030
2022-11-04 19:37:42 [32minfo[39m: Your Mongodb has been connected successfully
2022-11-04 19:37:45 [32minfo[39m: Running on PORT 3030
2022-11-04 19:37:47 [32minfo[39m: Your Mongodb has been connected successfully
2022-11-04 19:39:34 [32minfo[39m: Running on PORT 3030
2022-11-04 19:39:38 [32minfo[39m: Your Mongodb has been connected successfully
2022-11-04 19:40:23 [32minfo[39m: Running on PORT 3030
2022-11-04 19:40:25 [32minfo[39m: Your Mongodb has been connected successfully
2022-11-04 19:40:44 [32minfo[39m: Running on PORT 3030
2022-11-04 19:40:46 [32minfo[39m: Your Mongodb has been connected successfully
2022-11-04 19:42:42 [32minfo[39m: Running on PORT 3030
2022-11-04 19:42:45 [32minfo[39m: Your Mongodb has been connected successfully
2022-11-04 19:43:24 [32minfo[39m: Running on PORT 3030
2022-11-04 19:43:34 [32minfo[39m: Running on PORT 3030
2022-11-04 19:43:47 [32minfo[39m: Running on PORT 3030
2022-11-04 19:43:56 [32minfo[39m: Running on PORT 3030
2022-11-04 19:44:01 [32minfo[39m: Running on PORT 3030
2022-11-04 19:44:09 [32minfo[39m: Running on PORT 3030
2022-11-04 21:50:03 [32minfo[39m: Running on PORT 3030
2022-11-04 22:30:26 [32minfo[39m: Running on PORT 3030
2022-11-04 22:32:56 [32minfo[39m: Running on PORT 3030
2022-11-04 22:33:04 [32minfo[39m: Running on PORT 3030
2022-11-04 22:33:28 [32minfo[39m: Running on PORT 3030
2022-11-04 22:33:46 [32minfo[39m: Running on PORT 3030
2022-11-04 22:33:50 [32minfo[39m: Running on PORT 3030
2022-11-04 22:34:04 [32minfo[39m: Running on PORT 3030
2022-11-04 22:34:14 [32minfo[39m: Running on PORT 3030
2022-11-04 22:35:45 [32minfo[39m: Running on PORT 3030
2022-11-04 22:35:47 [32minfo[39m: Your Mongodb has been connected successfully
2022-11-04 22:36:30 [32minfo[39m: Running on PORT 3030
2022-11-04 22:36:43 [32minfo[39m: Running on PORT 3030
2022-11-04 22:37:09 [32minfo[39m: Running on PORT 3030
2022-11-04 22:37:19 [32minfo[39m: Running on PORT 3030
2022-11-04 22:37:21 [32minfo[39m: Running on PORT 3030
2022-11-04 22:37:26 [32minfo[39m: Running on PORT 3030
2022-11-04 22:37:28 [32minfo[39m: Running on PORT 3030
2022-11-04 22:37:34 [32minfo[39m: Running on PORT 3030
2022-11-04 22:38:40 [32minfo[39m: Running on PORT 3030
2022-11-04 22:39:06 [32minfo[39m: Running on PORT 3030
2022-11-04 22:39:13 [32minfo[39m: Running on PORT 3030
2022-11-04 22:39:20 [32minfo[39m: Running on PORT 3030
2022-11-04 22:39:23 [32minfo[39m: Running on PORT 3030
2022-11-04 22:39:31 [32minfo[39m: Running on PORT 3030
2022-11-04 22:39:45 [32minfo[39m: Running on PORT 3030
2022-11-04 22:40:27 [32minfo[39m: Running on PORT 3030
2022-11-04 22:40:39 [32minfo[39m: Running on PORT 3030
2022-11-04 22:40:53 [32minfo[39m: Running on PORT 3030
2022-11-04 22:40:56 [32minfo[39m: Your Mongodb has been connected successfully
2022-11-04 22:41:24 [32minfo[39m: Running on PORT 3030
2022-11-04 22:41:28 [32minfo[39m: Running on PORT 3030
2022-11-04 22:41:30 [32minfo[39m: Your Mongodb has been connected successfully
2022-11-04 22:41:49 [32minfo[39m: Running on PORT 3030
2022-11-04 22:41:50 [32minfo[39m: Your Mongodb has been connected successfully
2022-11-04 22:41:55 [32minfo[39m: Running on PORT 3030
2022-11-04 22:41:57 [32minfo[39m: Your Mongodb has been connected successfully
2022-11-04 22:42:11 [32minfo[39m: Running on PORT 3030
2022-11-04 22:42:14 [32minfo[39m: Your Mongodb has been connected successfully
2022-11-04 22:42:54 [32minfo[39m: Running on PORT 3030
2022-11-04 22:42:58 [32minfo[39m: Running on PORT 3030
2022-11-04 22:42:59 [32minfo[39m: Your Mongodb has been connected successfully
2022-11-04 22:44:14 [32minfo[39m: Running on PORT 3030
2022-11-04 22:44:16 [32minfo[39m: Your Mongodb has been connected successfully
2022-11-04 22:44:20 [32minfo[39m: Running on PORT 3030
2022-11-04 22:44:24 [32minfo[39m: Your Mongodb has been connected successfully
2022-11-04 22:44:28 [32minfo[39m: Running on PORT 3030
2022-11-04 22:44:36 [32minfo[39m: Running on PORT 3030
2022-11-04 22:44:38 [32minfo[39m: Your Mongodb has been connected successfully
2022-11-04 22:46:07 [32minfo[39m: Running on PORT 3030
2022-11-04 22:46:10 [32minfo[39m: Your Mongodb has been connected successfully
2022-11-04 22:47:26 [32minfo[39m: Running on PORT 3030
2022-11-04 22:47:29 [32minfo[39m: Your Mongodb has been connected successfully
2022-11-04 22:47:44 [32minfo[39m: Running on PORT 3030
2022-11-04 22:47:46 [32minfo[39m: Your Mongodb has been connected successfully
2022-11-04 22:47:58 [32minfo[39m: Running on PORT 3030
2022-11-04 22:48:00 [32minfo[39m: Your Mongodb has been connected successfully
2022-11-04 22:48:14 [32minfo[39m: Running on PORT 3030
2022-11-04 22:48:16 [32minfo[39m: Your Mongodb has been connected successfully
2022-11-04 22:50:08 [32minfo[39m: Running on PORT 3030
2022-11-04 22:50:11 [32minfo[39m: Your Mongodb has been connected successfully
2022-11-04 22:52:26 [32minfo[39m: Running on PORT 3030
2022-11-04 22:52:29 [32minfo[39m: Your Mongodb has been connected successfully
2022-11-04 22:52:55 [32minfo[39m: Running on PORT 3030
2022-11-04 22:52:58 [32minfo[39m: Your Mongodb has been connected successfully
2022-11-04 22:54:53 [32minfo[39m: Running on PORT 3030
2022-11-04 22:54:55 [32minfo[39m: Your Mongodb has been connected successfully
2022-11-04 22:56:16 [32minfo[39m: Running on PORT 3030
2022-11-04 22:56:18 [32minfo[39m: Your Mongodb has been connected successfully
2022-11-04 22:56:21 [32minfo[39m: Running on PORT 3030
2022-11-04 22:56:24 [32minfo[39m: Running on PORT 3030
2022-11-04 22:56:26 [32minfo[39m: Your Mongodb has been connected successfully
2022-11-04 22:59:37 [32minfo[39m: Running on PORT 3030
2022-11-04 22:59:41 [32minfo[39m: Your Mongodb has been connected successfully
2022-11-04 23:02:29 [32minfo[39m: Running on PORT 3030
2022-11-04 23:02:36 [32minfo[39m: Running on PORT 3030
2022-11-04 23:02:37 [32minfo[39m: Your Mongodb has been connected successfully
2022-11-04 23:03:04 [32minfo[39m: Running on PORT 3030
2022-11-04 23:03:54 [32minfo[39m: Running on PORT 3030
2022-11-04 23:04:01 [32minfo[39m: Running on PORT 3030
2022-11-04 23:04:25 [32minfo[39m: Running on PORT 3030
2022-11-04 23:04:27 [32minfo[39m: Running on PORT 3030
2022-11-04 23:04:36 [32minfo[39m: Running on PORT 3030
2022-11-04 23:04:44 [32minfo[39m: Running on PORT 3030
2022-11-04 23:07:37 [32minfo[39m: Running on PORT 3030
2022-11-04 23:07:46 [32minfo[39m: Running on PORT 3030
2022-11-04 23:08:08 [32minfo[39m: Running on PORT 3030
2022-11-04 23:08:42 [32minfo[39m: Running on PORT 3030
2022-11-04 23:09:21 [32minfo[39m: Running on PORT 3030
2022-11-04 23:15:17 [32minfo[39m: Running on PORT 3030
2022-11-04 23:16:36 [32minfo[39m: Running on PORT 3030
2022-11-04 23:16:42 [32minfo[39m: Running on PORT 3030
2022-11-04 23:17:21 [32minfo[39m: Running on PORT 3030
2022-11-04 23:17:39 [32minfo[39m: Running on PORT 3030
2022-11-04 23:17:59 [32minfo[39m: Running on PORT 3030
2022-11-04 23:18:01 [32minfo[39m: Running on PORT 3030
2022-11-04 23:18:23 [32minfo[39m: Running on PORT 3030
2022-11-04 23:18:56 [32minfo[39m: Running on PORT 3030
2022-11-04 23:19:10 [32minfo[39m: Running on PORT 3030
2022-11-04 23:19:17 [32minfo[39m: Running on PORT 3030
2022-11-04 23:20:23 [32minfo[39m: Running on PORT 3030
2022-11-04 23:21:20 [32minfo[39m: Running on PORT 3030
2022-11-04 23:21:53 [32minfo[39m: Running on PORT 3030
2022-11-04 23:22:32 [32minfo[39m: Running on PORT 3030
2022-11-04 23:23:39 [32minfo[39m: Running on PORT 3030
2022-11-04 23:23:51 [32minfo[39m: Running on PORT 3030
2022-11-04 23:24:03 [32minfo[39m: Running on PORT 3030
2022-11-04 23:24:19 [32minfo[39m: Running on PORT 3030
2022-11-04 23:24:25 [32minfo[39m: Running on PORT 3030
2022-11-04 23:24:41 [32minfo[39m: Running on PORT 3030
2022-11-04 23:24:49 [32minfo[39m: Running on PORT 3030
2022-11-04 23:25:03 [32minfo[39m: Running on PORT 3030
2022-11-04 23:25:09 [32minfo[39m: Running on PORT 3030
2022-11-04 23:25:12 [32minfo[39m: Running on PORT 3030
2022-11-04 23:25:16 [32minfo[39m: Running on PORT 3030
2022-11-04 23:25:36 [32minfo[39m: Running on PORT 3030
2022-11-04 23:28:16 [32minfo[39m: Running on PORT 3030
2022-11-04 23:28:59 [31merror[39m: MongooseError: Operation `blogs.findOne()` buffering timed out after 10000ms
    at Timeout.<anonymous> (/Users/daraadesoji/Documents/Javascript/altschool/Backend_Engineering/blogging-api/node_modules/mongoose/lib/drivers/node-mongodb-native/collection.js:153:23)
    at listOnTimeout (node:internal/timers:559:17)
    at processTimers (node:internal/timers:502:7)
2022-11-04 23:29:43 [32minfo[39m: Running on PORT 3030
2022-11-04 23:29:46 [32minfo[39m: Your Mongodb has been connected successfully
2022-11-04 23:31:18 [32minfo[39m: Running on PORT 3030
2022-11-04 23:31:20 [32minfo[39m: Your Mongodb has been connected successfully
2022-11-04 23:31:27 [32minfo[39m: Running on PORT 3030
2022-11-04 23:31:32 [32minfo[39m: Running on PORT 3030
2022-11-04 23:31:34 [32minfo[39m: Your Mongodb has been connected successfully
2022-11-04 23:32:12 [32minfo[39m: Running on PORT 3030
2022-11-04 23:32:14 [32minfo[39m: Your Mongodb has been connected successfully
2022-11-04 23:32:50 [32minfo[39m: Running on PORT 3030
2022-11-04 23:32:53 [32minfo[39m: Your Mongodb has been connected successfully
2022-11-04 23:34:58 [32minfo[39m: Running on PORT 3030
2022-11-04 23:35:02 [32minfo[39m: Your Mongodb has been connected successfully
2022-11-04 23:35:06 [32minfo[39m: Running on PORT 3030
2022-11-04 23:35:09 [32minfo[39m: Your Mongodb has been connected successfully
2022-11-04 23:35:26 [32minfo[39m: Blog successfully created
2022-11-04 23:38:05 [32minfo[39m: Running on PORT 3030
2022-11-04 23:38:14 [32minfo[39m: Running on PORT 3030
2022-11-04 23:38:18 [32minfo[39m: Running on PORT 3030
2022-11-04 23:38:28 [32minfo[39m: Running on PORT 3030
2022-11-04 23:39:25 [32minfo[39m: Running on PORT 3030
2022-11-04 23:39:42 [32minfo[39m: Running on PORT 3030
2022-11-04 23:40:00 [32minfo[39m: Running on PORT 3030
2022-11-04 23:40:04 [32minfo[39m: Running on PORT 3030
2022-11-04 23:40:07 [32minfo[39m: Running on PORT 3030
2022-11-04 23:40:13 [32minfo[39m: Running on PORT 3030
2022-11-04 23:40:15 [32minfo[39m: Running on PORT 3030
2022-11-04 23:40:19 [32minfo[39m: Running on PORT 3030
2022-11-04 23:40:35 [32minfo[39m: Running on PORT 3030
2022-11-04 23:40:50 [32minfo[39m: Running on PORT 3030
2022-11-04 23:40:53 [32minfo[39m: Running on PORT 3030
2022-11-04 23:41:41 [32minfo[39m: Running on PORT 3030
2022-11-04 23:41:54 [32minfo[39m: Running on PORT 3030
2022-11-04 23:42:07 [32minfo[39m: Running on PORT 3030
2022-11-04 23:42:14 [32minfo[39m: Running on PORT 3030
2022-11-04 23:42:23 [32minfo[39m: Running on PORT 3030
2022-11-04 23:42:29 [32minfo[39m: Running on PORT 3030
2022-11-04 23:42:32 [32minfo[39m: Running on PORT 3030
2022-11-04 23:42:39 [32minfo[39m: Running on PORT 3030
2022-11-04 23:42:43 [32minfo[39m: Running on PORT 3030
2022-11-04 23:42:45 [32minfo[39m: Running on PORT 3030
2022-11-04 23:42:50 [32minfo[39m: Running on PORT 3030
2022-11-04 23:43:15 [32minfo[39m: Running on PORT 3030
2022-11-04 23:43:21 [32minfo[39m: Running on PORT 3030
2022-11-04 23:43:57 [32minfo[39m: Running on PORT 3030
2022-11-04 23:44:16 [32minfo[39m: Running on PORT 3030
2022-11-04 23:45:02 [32minfo[39m: Running on PORT 3030
2022-11-04 23:45:20 [32minfo[39m: Running on PORT 3030
2022-11-04 23:45:31 [32minfo[39m: Running on PORT 3030
2022-11-04 23:45:50 [32minfo[39m: Running on PORT 3030
2022-11-04 23:46:06 [32minfo[39m: Running on PORT 3030
2022-11-04 23:46:27 [32minfo[39m: Running on PORT 3030
2022-11-04 23:46:33 [32minfo[39m: Running on PORT 3030
2022-11-04 23:46:43 [32minfo[39m: Running on PORT 3030
2022-11-04 23:46:50 [32minfo[39m: Running on PORT 3030
2022-11-04 23:46:54 [32minfo[39m: Running on PORT 3030
2022-11-04 23:46:58 [32minfo[39m: Running on PORT 3030
2022-11-04 23:47:06 [32minfo[39m: Running on PORT 3030
2022-11-04 23:47:15 [32minfo[39m: Running on PORT 3030
2022-11-04 23:47:29 [32minfo[39m: Running on PORT 3030
2022-11-04 23:47:56 [32minfo[39m: Running on PORT 3030
2022-11-04 23:47:59 [32minfo[39m: Your Mongodb has been connected successfully
2022-11-04 23:49:10 [32minfo[39m: Blog found
2022-11-04 23:49:18 [32minfo[39m: Blog found
2022-11-04 23:51:20 [32minfo[39m: Running on PORT 3030
2022-11-04 23:51:22 [32minfo[39m: Your Mongodb has been connected successfully
2022-11-04 23:51:51 [32minfo[39m: Running on PORT 3030
2022-11-04 23:51:53 [32minfo[39m: Your Mongodb has been connected successfully
2022-11-04 23:52:00 [32minfo[39m: Running on PORT 3030
2022-11-04 23:52:08 [32minfo[39m: Running on PORT 3030
2022-11-04 23:52:10 [32minfo[39m: Your Mongodb has been connected successfully
2022-11-04 23:52:16 [32minfo[39m: Running on PORT 3030
2022-11-04 23:52:18 [32minfo[39m: Your Mongodb has been connected successfully
2022-11-04 23:52:33 [32minfo[39m: Running on PORT 3030
2022-11-04 23:53:12 [32minfo[39m: Running on PORT 3030
2022-11-04 23:55:13 [32minfo[39m: Running on PORT 3030
2022-11-04 23:56:53 [32minfo[39m: Running on PORT 3030
2022-11-04 23:57:31 [32minfo[39m: Running on PORT 3030
2022-11-04 23:59:48 [32minfo[39m: Running on PORT 3030
2022-11-05 00:00:00 [32minfo[39m: Running on PORT 3030
2022-11-05 00:00:17 [32minfo[39m: Running on PORT 3030
2022-11-05 00:01:13 [32minfo[39m: Running on PORT 3030
2022-11-05 00:01:16 [32minfo[39m: Running on PORT 3030
2022-11-05 00:01:22 [32minfo[39m: Running on PORT 3030
2022-11-05 00:01:29 [32minfo[39m: Running on PORT 3030
2022-11-05 00:01:33 [32minfo[39m: Running on PORT 3030
2022-11-05 00:01:39 [32minfo[39m: Running on PORT 3030
2022-11-05 00:01:43 [32minfo[39m: Running on PORT 3030
2022-11-05 00:02:23 [32minfo[39m: Running on PORT 3030
2022-11-05 00:07:35 [32minfo[39m: Running on PORT 3030
2022-11-05 00:07:51 [32minfo[39m: Running on PORT 3030
2022-11-05 00:07:54 [32minfo[39m: Running on PORT 3030
2022-11-05 00:08:02 [32minfo[39m: Running on PORT 3030
2022-11-05 00:08:07 [32minfo[39m: Running on PORT 3030
2022-11-05 00:08:25 [32minfo[39m: Running on PORT 3030
2022-11-05 00:08:44 [32minfo[39m: Running on PORT 3030
2022-11-05 00:08:48 [32minfo[39m: Running on PORT 3030
2022-11-05 00:08:50 [32minfo[39m: Running on PORT 3030
2022-11-05 00:08:53 [32minfo[39m: Running on PORT 3030
2022-11-05 00:08:59 [32minfo[39m: Running on PORT 3030
2022-11-05 00:09:11 [32minfo[39m: Running on PORT 3030
2022-11-05 00:09:20 [32minfo[39m: Running on PORT 3030
2022-11-05 00:09:26 [32minfo[39m: Running on PORT 3030
2022-11-05 00:09:55 [32minfo[39m: Running on PORT 3030
2022-11-05 00:10:02 [32minfo[39m: Running on PORT 3030
2022-11-05 00:10:06 [32minfo[39m: Running on PORT 3030
2022-11-05 00:10:26 [32minfo[39m: Running on PORT 3030
2022-11-05 00:10:33 [32minfo[39m: Running on PORT 3030
2022-11-05 00:11:02 [32minfo[39m: Running on PORT 3030
2022-11-05 00:11:13 [32minfo[39m: Running on PORT 3030
2022-11-05 00:11:17 [32minfo[39m: Running on PORT 3030
2022-11-05 00:11:19 [32minfo[39m: Running on PORT 3030
2022-11-05 00:11:22 [32minfo[39m: Running on PORT 3030
2022-11-05 00:11:45 [32minfo[39m: Running on PORT 3030
2022-11-05 00:11:51 [32minfo[39m: Running on PORT 3030
2022-11-05 00:12:03 [32minfo[39m: Running on PORT 3030
2022-11-05 00:12:11 [32minfo[39m: Running on PORT 3030
2022-11-05 00:12:17 [32minfo[39m: Running on PORT 3030
2022-11-05 00:12:21 [32minfo[39m: Running on PORT 3030
2022-11-05 00:12:35 [32minfo[39m: Running on PORT 3030
2022-11-05 00:12:57 [32minfo[39m: Running on PORT 3030
2022-11-05 00:14:50 [32minfo[39m: Running on PORT 3030
2022-11-05 00:15:09 [32minfo[39m: Running on PORT 3030
2022-11-05 00:15:25 [32minfo[39m: Running on PORT 3030
2022-11-05 00:15:34 [32minfo[39m: Running on PORT 3030
2022-11-05 00:15:37 [32minfo[39m: Running on PORT 3030
2022-11-05 00:15:44 [32minfo[39m: Running on PORT 3030
2022-11-05 00:15:52 [32minfo[39m: Running on PORT 3030
2022-11-05 00:15:58 [32minfo[39m: Running on PORT 3030
2022-11-05 00:16:07 [32minfo[39m: Running on PORT 3030
2022-11-05 00:16:12 [32minfo[39m: Running on PORT 3030
2022-11-05 00:16:19 [32minfo[39m: Running on PORT 3030
2022-11-05 00:16:27 [32minfo[39m: Running on PORT 3030
2022-11-05 00:16:48 [32minfo[39m: Running on PORT 3030
2022-11-05 00:17:09 [32minfo[39m: Running on PORT 3030
2022-11-05 00:17:29 [32minfo[39m: Running on PORT 3030
2022-11-05 00:17:40 [32minfo[39m: Running on PORT 3030
2022-11-05 00:18:51 [32minfo[39m: Running on PORT 3030
2022-11-05 00:18:53 [32minfo[39m: Running on PORT 3030
2022-11-05 00:18:57 [32minfo[39m: Running on PORT 3030
2022-11-05 00:19:04 [32minfo[39m: Running on PORT 3030
2022-11-05 00:19:22 [32minfo[39m: Running on PORT 3030
2022-11-05 00:19:25 [32minfo[39m: Running on PORT 3030
2022-11-05 00:19:28 [32minfo[39m: Running on PORT 3030
2022-11-05 00:19:33 [32minfo[39m: Running on PORT 3030
2022-11-05 00:19:37 [32minfo[39m: Running on PORT 3030
2022-11-05 00:19:39 [32minfo[39m: Running on PORT 3030
2022-11-05 00:19:44 [32minfo[39m: Running on PORT 3030
2022-11-05 00:19:46 [32minfo[39m: Running on PORT 3030
2022-11-05 00:19:49 [32minfo[39m: Running on PORT 3030
2022-11-05 00:20:48 [32minfo[39m: Running on PORT 3030
2022-11-05 00:21:40 [32minfo[39m: Running on PORT 3030
2022-11-05 00:22:01 [32minfo[39m: Running on PORT 3030
2022-11-05 00:22:15 [32minfo[39m: Running on PORT 3030
2022-11-05 00:22:19 [32minfo[39m: Running on PORT 3030
2022-11-05 00:22:28 [32minfo[39m: Running on PORT 3030
2022-11-05 00:23:58 [32minfo[39m: Running on PORT 3030
2022-11-05 00:24:04 [32minfo[39m: Running on PORT 3030
2022-11-05 00:24:09 [32minfo[39m: Running on PORT 3030
2022-11-05 00:24:26 [32minfo[39m: Running on PORT 3030
2022-11-05 00:24:30 [32minfo[39m: Your Mongodb has been connected successfully
2022-11-05 00:28:55 [32minfo[39m: Running on PORT 3030
2022-11-05 00:28:57 [32minfo[39m: Your Mongodb has been connected successfully
2022-11-05 00:29:23 [32minfo[39m: Running on PORT 3030
2022-11-05 00:29:25 [32minfo[39m: Your Mongodb has been connected successfully
2022-11-05 00:29:35 [31merror[39m: ReferenceError: blog_id is not defined
    at authorizedUser (/Users/daraadesoji/Documents/Javascript/altschool/Backend_Engineering/blogging-api/middleware/authurized.js:11:51)
    at Layer.handle [as handle_request] (/Users/daraadesoji/Documents/Javascript/altschool/Backend_Engineering/blogging-api/node_modules/express/lib/router/layer.js:95:5)
    at next (/Users/daraadesoji/Documents/Javascript/altschool/Backend_Engineering/blogging-api/node_modules/express/lib/router/route.js:144:13)
    at authenticateUser (/Users/daraadesoji/Documents/Javascript/altschool/Backend_Engineering/blogging-api/middleware/auth.js:22:12)
    at Layer.handle [as handle_request] (/Users/daraadesoji/Documents/Javascript/altschool/Backend_Engineering/blogging-api/node_modules/express/lib/router/layer.js:95:5)
    at next (/Users/daraadesoji/Documents/Javascript/altschool/Backend_Engineering/blogging-api/node_modules/express/lib/router/route.js:144:13)
    at Route.dispatch (/Users/daraadesoji/Documents/Javascript/altschool/Backend_Engineering/blogging-api/node_modules/express/lib/router/route.js:114:3)
    at Layer.handle [as handle_request] (/Users/daraadesoji/Documents/Javascript/altschool/Backend_Engineering/blogging-api/node_modules/express/lib/router/layer.js:95:5)
    at /Users/daraadesoji/Documents/Javascript/altschool/Backend_Engineering/blogging-api/node_modules/express/lib/router/index.js:284:15
    at param (/Users/daraadesoji/Documents/Javascript/altschool/Backend_Engineering/blogging-api/node_modules/express/lib/router/index.js:365:14)
2022-11-05 00:30:49 [32minfo[39m: Running on PORT 3030
2022-11-05 00:30:51 [32minfo[39m: Your Mongodb has been connected successfully
2022-11-05 00:30:56 [32minfo[39m: Running on PORT 3030
2022-11-05 00:30:58 [32minfo[39m: Running on PORT 3030
2022-11-05 00:31:00 [32minfo[39m: Your Mongodb has been connected successfully
2022-11-05 00:31:10 [32minfo[39m: Running on PORT 3030
2022-11-05 00:31:12 [32minfo[39m: Your Mongodb has been connected successfully
2022-11-05 00:31:25 [32minfo[39m: Running on PORT 3030
2022-11-05 00:31:27 [32minfo[39m: Your Mongodb has been connected successfully
2022-11-05 00:31:30 [31merror[39m: TypeError: Assignment to constant variable.
    at authorizedUser (/Users/daraadesoji/Documents/Javascript/altschool/Backend_Engineering/blogging-api/middleware/authurized.js:22:30)
    at processTicksAndRejections (node:internal/process/task_queues:96:5)
2022-11-05 00:31:56 [32minfo[39m: Running on PORT 3030
2022-11-05 00:31:58 [32minfo[39m: Your Mongodb has been connected successfully
2022-11-05 00:31:59 [31merror[39m: ReferenceError: body is not defined
    at deleteBlog (/Users/daraadesoji/Documents/Javascript/altschool/Backend_Engineering/blogging-api/controllers/blog.controller.js:81:9)
    at Layer.handle [as handle_request] (/Users/daraadesoji/Documents/Javascript/altschool/Backend_Engineering/blogging-api/node_modules/express/lib/router/layer.js:95:5)
    at next (/Users/daraadesoji/Documents/Javascript/altschool/Backend_Engineering/blogging-api/node_modules/express/lib/router/route.js:144:13)
    at authorizedUser (/Users/daraadesoji/Documents/Javascript/altschool/Backend_Engineering/blogging-api/middleware/authurized.js:28:16)
    at processTicksAndRejections (node:internal/process/task_queues:96:5)
2022-11-05 00:32:52 [32minfo[39m: Running on PORT 3030
2022-11-05 00:32:53 [32minfo[39m: Your Mongodb has been connected successfully
2022-11-05 00:33:07 [32minfo[39m: Running on PORT 3030
2022-11-05 00:33:09 [32minfo[39m: Your Mongodb has been connected successfully
2022-11-05 00:33:46 [32minfo[39m: Blogs successfully found
2022-11-05 00:38:42 [31merror[39m: CastError: Cast to ObjectId failed for value "eyJhbGciOiJIUzI1NiIsInR5cCI6IkpXVCJ9.eyJpZCI6IjYzNjUzM2JlNmI4YTFiOWI0MmQxYzA3OSIsImlhdCI6MTY2NzYwNDQxMiwiZXhwIjoxNjY3NjA4MDEyfQ.tPFlMAdd22bkPErMHXBdPTHF2mxrwiJZXvjPBauElf8" (type string) at path "_id" for model "Blog"
    at model.Query.exec (/Users/daraadesoji/Documents/Javascript/altschool/Backend_Engineering/blogging-api/node_modules/mongoose/lib/query.js:4891:21)
    at model.Query.Query.catch (/Users/daraadesoji/Documents/Javascript/altschool/Backend_Engineering/blogging-api/node_modules/mongoose/lib/query.js:5006:15)
    at authorizedUser (/Users/daraadesoji/Documents/Javascript/altschool/Backend_Engineering/blogging-api/middleware/authurized.js:13:23)
    at Layer.handle [as handle_request] (/Users/daraadesoji/Documents/Javascript/altschool/Backend_Engineering/blogging-api/node_modules/express/lib/router/layer.js:95:5)
    at next (/Users/daraadesoji/Documents/Javascript/altschool/Backend_Engineering/blogging-api/node_modules/express/lib/router/route.js:144:13)
    at authenticateUser (/Users/daraadesoji/Documents/Javascript/altschool/Backend_Engineering/blogging-api/middleware/auth.js:22:12)
    at Layer.handle [as handle_request] (/Users/daraadesoji/Documents/Javascript/altschool/Backend_Engineering/blogging-api/node_modules/express/lib/router/layer.js:95:5)
    at next (/Users/daraadesoji/Documents/Javascript/altschool/Backend_Engineering/blogging-api/node_modules/express/lib/router/route.js:144:13)
    at Route.dispatch (/Users/daraadesoji/Documents/Javascript/altschool/Backend_Engineering/blogging-api/node_modules/express/lib/router/route.js:114:3)
    at Layer.handle [as handle_request] (/Users/daraadesoji/Documents/Javascript/altschool/Backend_Engineering/blogging-api/node_modules/express/lib/router/layer.js:95:5)
2022-11-05 00:39:37 [32minfo[39m: Running on PORT 3030
2022-11-05 00:39:39 [32minfo[39m: Your Mongodb has been connected successfully
2022-11-05 00:39:41 [31merror[39m: CastError: Cast to ObjectId failed for value "6365a2415ddc0a0f5c9a66c1.eyJpZCI6IjYzNjUzM2JlNmI4YTFiOWI0MmQxYzA3OSIsImlhdCI6MTY2NzYwNDQxMiwiZXhwIjoxNjY3NjA4MDEyfQ.tPFlMAdd22bkPErMHXBdPTHF2mxrwiJZXvjPBauElf8.eyJpZCI6IjYzNjUzM2JlNmI4YTFiOWI0MmQxYzA3OSIsImlhdCI6MTY2NzYwNDQxMiwiZXhwIjoxNjY3NjA4MDEyfQ.tPFlMAdd22bkPErMHXBdPTHF2mxrwiJZXvjPBauElf8" (type string) at path "_id" for model "Blog"
    at model.Query.exec (/Users/daraadesoji/Documents/Javascript/altschool/Backend_Engineering/blogging-api/node_modules/mongoose/lib/query.js:4891:21)
    at model.Query.Query.catch (/Users/daraadesoji/Documents/Javascript/altschool/Backend_Engineering/blogging-api/node_modules/mongoose/lib/query.js:5006:15)
    at authorizedUser (/Users/daraadesoji/Documents/Javascript/altschool/Backend_Engineering/blogging-api/middleware/authurized.js:13:23)
    at Layer.handle [as handle_request] (/Users/daraadesoji/Documents/Javascript/altschool/Backend_Engineering/blogging-api/node_modules/express/lib/router/layer.js:95:5)
    at next (/Users/daraadesoji/Documents/Javascript/altschool/Backend_Engineering/blogging-api/node_modules/express/lib/router/route.js:144:13)
    at authenticateUser (/Users/daraadesoji/Documents/Javascript/altschool/Backend_Engineering/blogging-api/middleware/auth.js:22:12)
    at Layer.handle [as handle_request] (/Users/daraadesoji/Documents/Javascript/altschool/Backend_Engineering/blogging-api/node_modules/express/lib/router/layer.js:95:5)
    at next (/Users/daraadesoji/Documents/Javascript/altschool/Backend_Engineering/blogging-api/node_modules/express/lib/router/route.js:144:13)
    at Route.dispatch (/Users/daraadesoji/Documents/Javascript/altschool/Backend_Engineering/blogging-api/node_modules/express/lib/router/route.js:114:3)
    at Layer.handle [as handle_request] (/Users/daraadesoji/Documents/Javascript/altschool/Backend_Engineering/blogging-api/node_modules/express/lib/router/layer.js:95:5)
2022-11-05 00:42:14 [32minfo[39m: Running on PORT 3030
2022-11-05 00:42:16 [32minfo[39m: Your Mongodb has been connected successfully
2022-11-05 00:42:20 [31merror[39m: CastError: Cast to ObjectId failed for value "6365a2415ddc0a0f5c9a66c1.eyJpZCI6IjYzNjUzM2JlNmI4YTFiOWI0MmQxYzA3OSIsImlhdCI6MTY2NzYwNDQxMiwiZXhwIjoxNjY3NjA4MDEyfQ.tPFlMAdd22bkPErMHXBdPTHF2mxrwiJZXvjPBauElf8.eyJpZCI6IjYzNjUzM2JlNmI4YTFiOWI0MmQxYzA3OSIsImlhdCI6MTY2NzYwNDQxMiwiZXhwIjoxNjY3NjA4MDEyfQ.tPFlMAdd22bkPErMHXBdPTHF2mxrwiJZXvjPBauElf8" (type string) at path "_id" for model "Blog"
    at model.Query.exec (/Users/daraadesoji/Documents/Javascript/altschool/Backend_Engineering/blogging-api/node_modules/mongoose/lib/query.js:4891:21)
    at model.Query.Query.catch (/Users/daraadesoji/Documents/Javascript/altschool/Backend_Engineering/blogging-api/node_modules/mongoose/lib/query.js:5006:15)
    at authorizedUser (/Users/daraadesoji/Documents/Javascript/altschool/Backend_Engineering/blogging-api/middleware/authurized.js:13:23)
    at Layer.handle [as handle_request] (/Users/daraadesoji/Documents/Javascript/altschool/Backend_Engineering/blogging-api/node_modules/express/lib/router/layer.js:95:5)
    at next (/Users/daraadesoji/Documents/Javascript/altschool/Backend_Engineering/blogging-api/node_modules/express/lib/router/route.js:144:13)
    at authenticateUser (/Users/daraadesoji/Documents/Javascript/altschool/Backend_Engineering/blogging-api/middleware/auth.js:22:12)
    at Layer.handle [as handle_request] (/Users/daraadesoji/Documents/Javascript/altschool/Backend_Engineering/blogging-api/node_modules/express/lib/router/layer.js:95:5)
    at next (/Users/daraadesoji/Documents/Javascript/altschool/Backend_Engineering/blogging-api/node_modules/express/lib/router/route.js:144:13)
    at Route.dispatch (/Users/daraadesoji/Documents/Javascript/altschool/Backend_Engineering/blogging-api/node_modules/express/lib/router/route.js:114:3)
    at Layer.handle [as handle_request] (/Users/daraadesoji/Documents/Javascript/altschool/Backend_Engineering/blogging-api/node_modules/express/lib/router/layer.js:95:5)
2022-11-05 00:42:20 [31merror[39m: Error [ERR_HTTP_HEADERS_SENT]: Cannot set headers after they are sent to the client
    at new NodeError (node:internal/errors:387:5)
    at ServerResponse.setHeader (node:_http_outgoing:603:11)
    at ServerResponse.header (/Users/daraadesoji/Documents/Javascript/altschool/Backend_Engineering/blogging-api/node_modules/express/lib/response.js:794:10)
    at ServerResponse.send (/Users/daraadesoji/Documents/Javascript/altschool/Backend_Engineering/blogging-api/node_modules/express/lib/response.js:174:12)
    at ServerResponse.json (/Users/daraadesoji/Documents/Javascript/altschool/Backend_Engineering/blogging-api/node_modules/express/lib/response.js:278:15)
    at authorizedUser (/Users/daraadesoji/Documents/Javascript/altschool/Backend_Engineering/blogging-api/middleware/authurized.js:26:36)
    at processTicksAndRejections (node:internal/process/task_queues:96:5)
2022-11-05 00:43:22 [32minfo[39m: Running on PORT 3030
2022-11-05 00:43:34 [32minfo[39m: Running on PORT 3030
2022-11-05 00:43:36 [32minfo[39m: Your Mongodb has been connected successfully
2022-11-05 00:43:46 [32minfo[39m: Running on PORT 3030
2022-11-05 00:43:54 [32minfo[39m: Running on PORT 3030
2022-11-05 00:43:58 [32minfo[39m: Your Mongodb has been connected successfully
2022-11-05 00:44:00 [31merror[39m: CastError: Cast to ObjectId failed for value "6365a2415ddc0a0f5c9a66c1.eyJpZCI6IjYzNjUzM2JlNmI4YTFiOWI0MmQxYzA3OSIsImlhdCI6MTY2NzYwNDQxMiwiZXhwIjoxNjY3NjA4MDEyfQ.tPFlMAdd22bkPErMHXBdPTHF2mxrwiJZXvjPBauElf8.eyJpZCI6IjYzNjUzM2JlNmI4YTFiOWI0MmQxYzA3OSIsImlhdCI6MTY2NzYwNDQxMiwiZXhwIjoxNjY3NjA4MDEyfQ.tPFlMAdd22bkPErMHXBdPTHF2mxrwiJZXvjPBauElf8" (type string) at path "_id" for model "Blog"
    at model.Query.exec (/Users/daraadesoji/Documents/Javascript/altschool/Backend_Engineering/blogging-api/node_modules/mongoose/lib/query.js:4891:21)
    at model.Query.Query.catch (/Users/daraadesoji/Documents/Javascript/altschool/Backend_Engineering/blogging-api/node_modules/mongoose/lib/query.js:5006:15)
    at authorizedUser (/Users/daraadesoji/Documents/Javascript/altschool/Backend_Engineering/blogging-api/middleware/authurized.js:14:23)
    at Layer.handle [as handle_request] (/Users/daraadesoji/Documents/Javascript/altschool/Backend_Engineering/blogging-api/node_modules/express/lib/router/layer.js:95:5)
    at next (/Users/daraadesoji/Documents/Javascript/altschool/Backend_Engineering/blogging-api/node_modules/express/lib/router/route.js:144:13)
    at authenticateUser (/Users/daraadesoji/Documents/Javascript/altschool/Backend_Engineering/blogging-api/middleware/auth.js:22:12)
    at Layer.handle [as handle_request] (/Users/daraadesoji/Documents/Javascript/altschool/Backend_Engineering/blogging-api/node_modules/express/lib/router/layer.js:95:5)
    at next (/Users/daraadesoji/Documents/Javascript/altschool/Backend_Engineering/blogging-api/node_modules/express/lib/router/route.js:144:13)
    at Route.dispatch (/Users/daraadesoji/Documents/Javascript/altschool/Backend_Engineering/blogging-api/node_modules/express/lib/router/route.js:114:3)
    at Layer.handle [as handle_request] (/Users/daraadesoji/Documents/Javascript/altschool/Backend_Engineering/blogging-api/node_modules/express/lib/router/layer.js:95:5)
2022-11-05 00:44:00 [31merror[39m: Error [ERR_HTTP_HEADERS_SENT]: Cannot set headers after they are sent to the client
    at new NodeError (node:internal/errors:387:5)
    at ServerResponse.setHeader (node:_http_outgoing:603:11)
    at ServerResponse.header (/Users/daraadesoji/Documents/Javascript/altschool/Backend_Engineering/blogging-api/node_modules/express/lib/response.js:794:10)
    at ServerResponse.send (/Users/daraadesoji/Documents/Javascript/altschool/Backend_Engineering/blogging-api/node_modules/express/lib/response.js:174:12)
    at ServerResponse.json (/Users/daraadesoji/Documents/Javascript/altschool/Backend_Engineering/blogging-api/node_modules/express/lib/response.js:278:15)
    at authorizedUser (/Users/daraadesoji/Documents/Javascript/altschool/Backend_Engineering/blogging-api/middleware/authurized.js:27:36)
    at processTicksAndRejections (node:internal/process/task_queues:96:5)
2022-11-05 00:46:38 [32minfo[39m: Running on PORT 3030
2022-11-05 00:46:41 [32minfo[39m: Your Mongodb has been connected successfully
2022-11-05 00:47:00 [32minfo[39m: Running on PORT 3030
2022-11-05 00:47:02 [32minfo[39m: Your Mongodb has been connected successfully
2022-11-05 00:51:30 [31merror[39m: ReferenceError: blog is not defined
    at updateBlog (/Users/daraadesoji/Documents/Javascript/altschool/Backend_Engineering/blogging-api/controllers/blog.controller.js:61:9)
    at Layer.handle [as handle_request] (/Users/daraadesoji/Documents/Javascript/altschool/Backend_Engineering/blogging-api/node_modules/express/lib/router/layer.js:95:5)
    at next (/Users/daraadesoji/Documents/Javascript/altschool/Backend_Engineering/blogging-api/node_modules/express/lib/router/route.js:144:13)
    at authorizedUser (/Users/daraadesoji/Documents/Javascript/altschool/Backend_Engineering/blogging-api/middleware/authurized.js:29:16)
    at processTicksAndRejections (node:internal/process/task_queues:96:5)
2022-11-05 00:52:37 [32minfo[39m: Running on PORT 3030
2022-11-05 00:52:40 [32minfo[39m: Your Mongodb has been connected successfully
2022-11-05 00:52:59 [32minfo[39m: Running on PORT 3030
2022-11-05 00:53:00 [32minfo[39m: Your Mongodb has been connected successfully
2022-11-05 00:53:14 [32minfo[39m: Running on PORT 3030
2022-11-05 00:53:16 [32minfo[39m: Your Mongodb has been connected successfully
2022-11-05 00:53:18 [31merror[39m: ReferenceError: id is not defined
    at updateBlog (/Users/daraadesoji/Documents/Javascript/altschool/Backend_Engineering/blogging-api/controllers/blog.controller.js:61:43)
    at Layer.handle [as handle_request] (/Users/daraadesoji/Documents/Javascript/altschool/Backend_Engineering/blogging-api/node_modules/express/lib/router/layer.js:95:5)
    at next (/Users/daraadesoji/Documents/Javascript/altschool/Backend_Engineering/blogging-api/node_modules/express/lib/router/route.js:144:13)
    at authorizedUser (/Users/daraadesoji/Documents/Javascript/altschool/Backend_Engineering/blogging-api/middleware/authurized.js:29:16)
    at processTicksAndRejections (node:internal/process/task_queues:96:5)
2022-11-05 00:54:04 [32minfo[39m: Running on PORT 3030
2022-11-05 00:54:07 [32minfo[39m: Your Mongodb has been connected successfully
2022-11-05 00:54:41 [32minfo[39m: Blogs successfully found
2022-11-05 00:55:36 [32minfo[39m: Blogs successfully found
2022-11-05 00:57:15 [32minfo[39m: Running on PORT 3030
2022-11-05 00:57:17 [32minfo[39m: Your Mongodb has been connected successfully
2022-11-05 00:57:40 [32minfo[39m: Running on PORT 3030
2022-11-05 00:57:50 [32minfo[39m: Running on PORT 3030
2022-11-05 00:57:52 [32minfo[39m: Your Mongodb has been connected successfully
2022-11-05 00:57:56 [32minfo[39m: Running on PORT 3030
2022-11-05 00:57:58 [32minfo[39m: Your Mongodb has been connected successfully
2022-11-05 01:00:23 [32minfo[39m: Running on PORT 3030
2022-11-05 01:00:25 [32minfo[39m: Your Mongodb has been connected successfully
2022-11-05 01:00:27 [32minfo[39m: Running on PORT 3030
2022-11-05 01:00:29 [32minfo[39m: Your Mongodb has been connected successfully
2022-11-05 01:02:08 [32minfo[39m: Running on PORT 3030
2022-11-05 01:02:28 [32minfo[39m: Running on PORT 3030
2022-11-05 01:02:31 [32minfo[39m: Running on PORT 3030
2022-11-05 01:02:33 [32minfo[39m: Your Mongodb has been connected successfully
2022-11-05 01:02:38 [32minfo[39m: Running on PORT 3030
2022-11-05 01:02:39 [32minfo[39m: Your Mongodb has been connected successfully
2022-11-05 01:02:47 [32minfo[39m: Running on PORT 3030
2022-11-05 01:02:49 [32minfo[39m: Your Mongodb has been connected successfully
2022-11-05 01:03:08 [32minfo[39m: Running on PORT 3030
2022-11-05 01:03:10 [32minfo[39m: Your Mongodb has been connected successfully
2022-11-05 01:03:20 [32minfo[39m: Running on PORT 3030
2022-11-05 01:03:22 [32minfo[39m: Your Mongodb has been connected successfully
2022-11-05 01:04:56 [32minfo[39m: Running on PORT 3030
2022-11-05 01:04:58 [32minfo[39m: Your Mongodb has been connected successfully
2022-11-05 01:05:29 [32minfo[39m: Running on PORT 3030
2022-11-05 01:05:31 [32minfo[39m: Your Mongodb has been connected successfully
2022-11-05 01:05:42 [32minfo[39m: Running on PORT 3030
2022-11-05 01:05:44 [32minfo[39m: Your Mongodb has been connected successfully
2022-11-05 01:06:20 [32minfo[39m: Running on PORT 3030
2022-11-05 01:06:23 [32minfo[39m: Running on PORT 3030
2022-11-05 01:06:27 [32minfo[39m: Running on PORT 3030
2022-11-05 01:06:29 [32minfo[39m: Your Mongodb has been connected successfully
2022-11-05 01:06:46 [32minfo[39m: Running on PORT 3030
2022-11-05 01:06:52 [32minfo[39m: Running on PORT 3030
2022-11-05 01:06:54 [32minfo[39m: Your Mongodb has been connected successfully
2022-11-05 01:07:00 [32minfo[39m: Running on PORT 3030
2022-11-05 01:07:03 [32minfo[39m: Running on PORT 3030
2022-11-05 01:07:05 [32minfo[39m: Your Mongodb has been connected successfully
2022-11-05 01:07:21 [32minfo[39m: Running on PORT 3030
2022-11-05 01:07:23 [32minfo[39m: Your Mongodb has been connected successfully
2022-11-05 01:07:49 [32minfo[39m: Running on PORT 3030
2022-11-05 01:07:52 [32minfo[39m: Your Mongodb has been connected successfully
2022-11-05 01:08:04 [32minfo[39m: Running on PORT 3030
2022-11-05 01:08:06 [32minfo[39m: Your Mongodb has been connected successfully
2022-11-05 01:08:12 [32minfo[39m: Running on PORT 3030
2022-11-05 01:08:13 [32minfo[39m: Your Mongodb has been connected successfully
2022-11-05 01:08:33 [32minfo[39m: Running on PORT 3030
2022-11-05 01:08:34 [32minfo[39m: Your Mongodb has been connected successfully
2022-11-05 01:10:15 [32minfo[39m: Running on PORT 3030
2022-11-05 01:10:17 [32minfo[39m: Your Mongodb has been connected successfully
2022-11-05 01:10:23 [32minfo[39m: Running on PORT 3030
2022-11-05 01:10:25 [32minfo[39m: Your Mongodb has been connected successfully
2022-11-05 01:11:40 [32minfo[39m: Running on PORT 3030
2022-11-05 01:11:42 [32minfo[39m: Your Mongodb has been connected successfully
2022-11-05 01:11:55 [32minfo[39m: Running on PORT 3030
2022-11-05 01:11:57 [32minfo[39m: Your Mongodb has been connected successfully
2022-11-05 01:12:16 [32minfo[39m: Running on PORT 3030
2022-11-05 01:12:18 [32minfo[39m: Your Mongodb has been connected successfully
2022-11-05 01:13:40 [31merror[39m: CastError: Cast to ObjectId failed for value "myblogs" (type string) at path "_id" for model "Blog"
    at model.Query.exec (/Users/daraadesoji/Documents/Javascript/altschool/Backend_Engineering/blogging-api/node_modules/mongoose/lib/query.js:4891:21)
    at model.Query.Query.then (/Users/daraadesoji/Documents/Javascript/altschool/Backend_Engineering/blogging-api/node_modules/mongoose/lib/query.js:4990:15)
    at getABlog (/Users/daraadesoji/Documents/Javascript/altschool/Backend_Engineering/blogging-api/controllers/blog.controller.js:44:10)
    at Layer.handle [as handle_request] (/Users/daraadesoji/Documents/Javascript/altschool/Backend_Engineering/blogging-api/node_modules/express/lib/router/layer.js:95:5)
    at next (/Users/daraadesoji/Documents/Javascript/altschool/Backend_Engineering/blogging-api/node_modules/express/lib/router/route.js:144:13)
    at Route.dispatch (/Users/daraadesoji/Documents/Javascript/altschool/Backend_Engineering/blogging-api/node_modules/express/lib/router/route.js:114:3)
    at Layer.handle [as handle_request] (/Users/daraadesoji/Documents/Javascript/altschool/Backend_Engineering/blogging-api/node_modules/express/lib/router/layer.js:95:5)
    at /Users/daraadesoji/Documents/Javascript/altschool/Backend_Engineering/blogging-api/node_modules/express/lib/router/index.js:284:15
    at param (/Users/daraadesoji/Documents/Javascript/altschool/Backend_Engineering/blogging-api/node_modules/express/lib/router/index.js:365:14)
    at param (/Users/daraadesoji/Documents/Javascript/altschool/Backend_Engineering/blogging-api/node_modules/express/lib/router/index.js:376:14)
2022-11-05 01:16:13 [32minfo[39m: Running on PORT 3030
2022-11-05 01:16:15 [32minfo[39m: Your Mongodb has been connected successfully
2022-11-05 01:16:20 [32minfo[39m: Running on PORT 3030
2022-11-05 01:16:23 [32minfo[39m: Running on PORT 3030
2022-11-05 01:16:25 [32minfo[39m: Your Mongodb has been connected successfully
2022-11-05 01:16:32 [32minfo[39m: Running on PORT 3030
2022-11-05 01:16:34 [32minfo[39m: Your Mongodb has been connected successfully
2022-11-05 01:16:55 [32minfo[39m: Running on PORT 3030
2022-11-05 01:16:59 [32minfo[39m: Running on PORT 3030
2022-11-05 01:17:03 [32minfo[39m: Running on PORT 3030
2022-11-05 01:17:05 [32minfo[39m: Your Mongodb has been connected successfully
2022-11-05 01:17:07 [32minfo[39m: Running on PORT 3030
2022-11-05 01:17:08 [32minfo[39m: Your Mongodb has been connected successfully
2022-11-05 01:17:18 [31merror[39m: CastError: Cast to ObjectId failed for value "myblogs" (type string) at path "_id" for model "Blog"
    at model.Query.exec (/Users/daraadesoji/Documents/Javascript/altschool/Backend_Engineering/blogging-api/node_modules/mongoose/lib/query.js:4891:21)
    at model.Query.Query.then (/Users/daraadesoji/Documents/Javascript/altschool/Backend_Engineering/blogging-api/node_modules/mongoose/lib/query.js:4990:15)
    at getABlog (/Users/daraadesoji/Documents/Javascript/altschool/Backend_Engineering/blogging-api/controllers/blog.controller.js:52:10)
    at Layer.handle [as handle_request] (/Users/daraadesoji/Documents/Javascript/altschool/Backend_Engineering/blogging-api/node_modules/express/lib/router/layer.js:95:5)
    at next (/Users/daraadesoji/Documents/Javascript/altschool/Backend_Engineering/blogging-api/node_modules/express/lib/router/route.js:144:13)
    at Route.dispatch (/Users/daraadesoji/Documents/Javascript/altschool/Backend_Engineering/blogging-api/node_modules/express/lib/router/route.js:114:3)
    at Layer.handle [as handle_request] (/Users/daraadesoji/Documents/Javascript/altschool/Backend_Engineering/blogging-api/node_modules/express/lib/router/layer.js:95:5)
    at /Users/daraadesoji/Documents/Javascript/altschool/Backend_Engineering/blogging-api/node_modules/express/lib/router/index.js:284:15
    at param (/Users/daraadesoji/Documents/Javascript/altschool/Backend_Engineering/blogging-api/node_modules/express/lib/router/index.js:365:14)
    at param (/Users/daraadesoji/Documents/Javascript/altschool/Backend_Engineering/blogging-api/node_modules/express/lib/router/index.js:376:14)
2022-11-05 01:18:12 [31merror[39m: CastError: Cast to ObjectId failed for value "myblog" (type string) at path "_id" for model "Blog"
    at model.Query.exec (/Users/daraadesoji/Documents/Javascript/altschool/Backend_Engineering/blogging-api/node_modules/mongoose/lib/query.js:4891:21)
    at model.Query.Query.then (/Users/daraadesoji/Documents/Javascript/altschool/Backend_Engineering/blogging-api/node_modules/mongoose/lib/query.js:4990:15)
    at getABlog (/Users/daraadesoji/Documents/Javascript/altschool/Backend_Engineering/blogging-api/controllers/blog.controller.js:52:10)
    at Layer.handle [as handle_request] (/Users/daraadesoji/Documents/Javascript/altschool/Backend_Engineering/blogging-api/node_modules/express/lib/router/layer.js:95:5)
    at next (/Users/daraadesoji/Documents/Javascript/altschool/Backend_Engineering/blogging-api/node_modules/express/lib/router/route.js:144:13)
    at Route.dispatch (/Users/daraadesoji/Documents/Javascript/altschool/Backend_Engineering/blogging-api/node_modules/express/lib/router/route.js:114:3)
    at Layer.handle [as handle_request] (/Users/daraadesoji/Documents/Javascript/altschool/Backend_Engineering/blogging-api/node_modules/express/lib/router/layer.js:95:5)
    at /Users/daraadesoji/Documents/Javascript/altschool/Backend_Engineering/blogging-api/node_modules/express/lib/router/index.js:284:15
    at param (/Users/daraadesoji/Documents/Javascript/altschool/Backend_Engineering/blogging-api/node_modules/express/lib/router/index.js:365:14)
    at param (/Users/daraadesoji/Documents/Javascript/altschool/Backend_Engineering/blogging-api/node_modules/express/lib/router/index.js:376:14)
2022-11-05 01:19:42 [32minfo[39m: Running on PORT 3030
2022-11-05 01:19:44 [32minfo[39m: Running on PORT 3030
2022-11-05 01:19:47 [32minfo[39m: Running on PORT 3030
2022-11-05 01:19:50 [32minfo[39m: Running on PORT 3030
2022-11-05 01:19:55 [32minfo[39m: Running on PORT 3030
2022-11-05 01:20:00 [32minfo[39m: Running on PORT 3030
2022-11-05 01:20:01 [32minfo[39m: Your Mongodb has been connected successfully
2022-11-05 01:20:06 [31merror[39m: CastError: Cast to ObjectId failed for value "myblog" (type string) at path "_id" for model "Blog"
    at model.Query.exec (/Users/daraadesoji/Documents/Javascript/altschool/Backend_Engineering/blogging-api/node_modules/mongoose/lib/query.js:4891:21)
    at model.Query.Query.then (/Users/daraadesoji/Documents/Javascript/altschool/Backend_Engineering/blogging-api/node_modules/mongoose/lib/query.js:4990:15)
    at getABlog (/Users/daraadesoji/Documents/Javascript/altschool/Backend_Engineering/blogging-api/controllers/blog.controller.js:52:10)
    at Layer.handle [as handle_request] (/Users/daraadesoji/Documents/Javascript/altschool/Backend_Engineering/blogging-api/node_modules/express/lib/router/layer.js:95:5)
    at next (/Users/daraadesoji/Documents/Javascript/altschool/Backend_Engineering/blogging-api/node_modules/express/lib/router/route.js:144:13)
    at Route.dispatch (/Users/daraadesoji/Documents/Javascript/altschool/Backend_Engineering/blogging-api/node_modules/express/lib/router/route.js:114:3)
    at Layer.handle [as handle_request] (/Users/daraadesoji/Documents/Javascript/altschool/Backend_Engineering/blogging-api/node_modules/express/lib/router/layer.js:95:5)
    at /Users/daraadesoji/Documents/Javascript/altschool/Backend_Engineering/blogging-api/node_modules/express/lib/router/index.js:284:15
    at param (/Users/daraadesoji/Documents/Javascript/altschool/Backend_Engineering/blogging-api/node_modules/express/lib/router/index.js:365:14)
    at param (/Users/daraadesoji/Documents/Javascript/altschool/Backend_Engineering/blogging-api/node_modules/express/lib/router/index.js:376:14)
2022-11-05 01:23:24 [32minfo[39m: Running on PORT 3030
2022-11-05 01:23:26 [32minfo[39m: Your Mongodb has been connected successfully
2022-11-05 01:23:29 [32minfo[39m: Running on PORT 3030
2022-11-05 01:23:30 [32minfo[39m: Your Mongodb has been connected successfully
2022-11-05 01:23:34 [32minfo[39m: Running on PORT 3030
2022-11-05 01:23:36 [32minfo[39m: Your Mongodb has been connected successfully
2022-11-05 01:23:37 [31merror[39m: CastError: Cast to ObjectId failed for value "myblog" (type string) at path "_id" for model "Blog"
    at model.Query.exec (/Users/daraadesoji/Documents/Javascript/altschool/Backend_Engineering/blogging-api/node_modules/mongoose/lib/query.js:4891:21)
    at model.Query.Query.then (/Users/daraadesoji/Documents/Javascript/altschool/Backend_Engineering/blogging-api/node_modules/mongoose/lib/query.js:4990:15)
    at getABlog (/Users/daraadesoji/Documents/Javascript/altschool/Backend_Engineering/blogging-api/controllers/blog.controller.js:52:10)
    at Layer.handle [as handle_request] (/Users/daraadesoji/Documents/Javascript/altschool/Backend_Engineering/blogging-api/node_modules/express/lib/router/layer.js:95:5)
    at next (/Users/daraadesoji/Documents/Javascript/altschool/Backend_Engineering/blogging-api/node_modules/express/lib/router/route.js:144:13)
    at Route.dispatch (/Users/daraadesoji/Documents/Javascript/altschool/Backend_Engineering/blogging-api/node_modules/express/lib/router/route.js:114:3)
    at Layer.handle [as handle_request] (/Users/daraadesoji/Documents/Javascript/altschool/Backend_Engineering/blogging-api/node_modules/express/lib/router/layer.js:95:5)
    at /Users/daraadesoji/Documents/Javascript/altschool/Backend_Engineering/blogging-api/node_modules/express/lib/router/index.js:284:15
    at param (/Users/daraadesoji/Documents/Javascript/altschool/Backend_Engineering/blogging-api/node_modules/express/lib/router/index.js:365:14)
    at param (/Users/daraadesoji/Documents/Javascript/altschool/Backend_Engineering/blogging-api/node_modules/express/lib/router/index.js:376:14)
2022-11-05 01:42:26 [32minfo[39m: Running on PORT 3030
2022-11-05 01:42:30 [32minfo[39m: Your Mongodb has been connected successfully
2022-11-05 01:43:25 [32minfo[39m: Running on PORT 3030
2022-11-05 01:43:26 [32minfo[39m: Your Mongodb has been connected successfully
2022-11-05 01:44:03 [32minfo[39m: Blog found
2022-11-05 01:45:13 [31merror[39m: You have no personal blog
2022-11-05 01:46:26 [31merror[39m: You have no personal blog
2022-11-05 01:47:58 [32minfo[39m: Running on PORT 3030
2022-11-05 01:48:02 [32minfo[39m: Your Mongodb has been connected successfully
2022-11-05 01:48:04 [32minfo[39m: Blogs successfully found
2022-11-05 01:48:04 [31merror[39m: ReferenceError: publishedBlogs is not defined
    at /Users/daraadesoji/Documents/Javascript/altschool/Backend_Engineering/blogging-api/controllers/blog.controller.js:152:69
    at processTicksAndRejections (node:internal/process/task_queues:96:5)
2022-11-05 01:48:38 [32minfo[39m: Running on PORT 3030
2022-11-05 01:48:40 [32minfo[39m: Your Mongodb has been connected successfully
2022-11-05 01:48:47 [32minfo[39m: Blogs successfully found
2022-11-05 01:49:10 [32minfo[39m: Blogs successfully found
2022-11-05 01:49:27 [32minfo[39m: Blogs successfully found
2022-11-05 07:18:05 [32minfo[39m: Your Mongodb has been connected successfully
2022-11-05 10:11:33 [32minfo[39m: Your Mongodb has been connected successfully
2022-11-05 10:15:18 [32minfo[39m: Your Mongodb has been connected successfully
2022-11-05 10:24:37 [32minfo[39m: Running on PORT 3030
2022-11-05 10:24:40 [32minfo[39m: Your Mongodb has been connected successfully
2022-11-05 10:25:45 [32minfo[39m: Running on PORT 3030
2022-11-05 10:25:49 [32minfo[39m: Your Mongodb has been connected successfully
2022-11-05 10:27:58 [32minfo[39m: Running on PORT 3030
2022-11-05 10:28:00 [32minfo[39m: Your Mongodb has been connected successfully
2022-11-05 10:28:18 [32minfo[39m: Blogs successfully found
2022-11-05 10:30:33 [32minfo[39m: Blogs successfully found
2022-11-05 10:31:04 [32minfo[39m: Blogs successfully found
2022-11-05 10:32:07 [32minfo[39m: Blogs successfully found
2022-11-05 10:33:40 [32minfo[39m: Running on PORT 3030
2022-11-05 10:33:43 [32minfo[39m: Your Mongodb has been connected successfully
2022-11-05 10:35:10 [32minfo[39m: Blogs successfully found
2022-11-05 10:35:29 [32minfo[39m: Blogs successfully found
2022-11-05 10:35:57 [32minfo[39m: Running on PORT 3030
2022-11-05 10:36:01 [32minfo[39m: Your Mongodb has been connected successfully
2022-11-05 10:36:02 [32minfo[39m: Blogs successfully found
2022-11-05 10:36:35 [32minfo[39m: Running on PORT 3030
2022-11-05 10:36:37 [32minfo[39m: Your Mongodb has been connected successfully
2022-11-05 10:37:56 [32minfo[39m: Running on PORT 3030
2022-11-05 10:37:58 [32minfo[39m: Your Mongodb has been connected successfully
2022-11-05 10:38:00 [32minfo[39m: Blogs successfully found
2022-11-05 10:38:27 [32minfo[39m: Running on PORT 3030
2022-11-05 10:38:28 [32minfo[39m: Your Mongodb has been connected successfully
2022-11-05 10:51:52 [32minfo[39m: Blogs successfully found
2022-11-05 10:52:24 [32minfo[39m: Running on PORT 3030
2022-11-05 10:52:27 [32minfo[39m: Your Mongodb has been connected successfully
2022-11-05 10:52:28 [32minfo[39m: Blogs successfully found
2022-11-05 10:53:21 [32minfo[39m: Running on PORT 3030
2022-11-05 10:53:23 [32minfo[39m: Your Mongodb has been connected successfully
2022-11-05 10:53:25 [32minfo[39m: Blogs successfully found
2022-11-05 10:53:54 [32minfo[39m: Running on PORT 3030
2022-11-05 10:53:55 [32minfo[39m: Your Mongodb has been connected successfully
2022-11-05 10:53:56 [32minfo[39m: Blogs successfully found
2022-11-05 10:54:22 [32minfo[39m: Running on PORT 3030
2022-11-05 10:54:28 [32minfo[39m: Running on PORT 3030
2022-11-05 10:54:30 [32minfo[39m: Your Mongodb has been connected successfully
2022-11-05 10:54:32 [32minfo[39m: Blogs successfully found
2022-11-05 10:55:03 [32minfo[39m: Running on PORT 3030
2022-11-05 10:55:05 [32minfo[39m: Your Mongodb has been connected successfully
2022-11-05 10:55:08 [32minfo[39m: Blogs successfully found
2022-11-05 10:56:02 [32minfo[39m: Running on PORT 3030
2022-11-05 10:56:09 [32minfo[39m: Your Mongodb has been connected successfully
2022-11-05 10:58:40 [32minfo[39m: Running on PORT 3030
2022-11-05 10:58:43 [32minfo[39m: Your Mongodb has been connected successfully
2022-11-05 10:58:53 [32minfo[39m: Blogs successfully found
2022-11-05 10:59:32 [32minfo[39m: Running on PORT 3030
2022-11-05 10:59:34 [32minfo[39m: Your Mongodb has been connected successfully
2022-11-05 10:59:55 [32minfo[39m: Blogs successfully found
2022-11-05 11:01:20 [32minfo[39m: Running on PORT 3030
2022-11-05 11:01:23 [32minfo[39m: Your Mongodb has been connected successfully
2022-11-05 11:02:04 [32minfo[39m: Blogs successfully found
2022-11-05 11:03:16 [32minfo[39m: Running on PORT 3030
2022-11-05 11:03:20 [32minfo[39m: Your Mongodb has been connected successfully
2022-11-05 11:03:44 [32minfo[39m: Running on PORT 3030
2022-11-05 11:03:45 [32minfo[39m: Your Mongodb has been connected successfully
2022-11-05 11:03:47 [32minfo[39m: Blogs successfully found
2022-11-05 11:04:05 [32minfo[39m: Blogs successfully found
2022-11-05 11:04:14 [32minfo[39m: Blogs successfully found
2022-11-05 11:05:07 [32minfo[39m: Running on PORT 3030
2022-11-05 11:05:09 [32minfo[39m: Your Mongodb has been connected successfully
2022-11-05 11:05:26 [32minfo[39m: Blogs successfully found
2022-11-05 11:05:43 [32minfo[39m: Blogs successfully found
2022-11-05 11:05:56 [32minfo[39m: Blogs successfully found
2022-11-05 11:10:03 [32minfo[39m: Blogs successfully found
2022-11-05 11:10:19 [32minfo[39m: Blogs successfully found
2022-11-05 11:30:06 [32minfo[39m: Running on PORT 3030
2022-11-05 11:30:10 [32minfo[39m: Your Mongodb has been connected successfully
2022-11-05 11:30:57 [32minfo[39m: Blogs successfully found
2022-11-05 11:31:19 [32minfo[39m: Blogs successfully found
2022-11-05 11:32:18 [32minfo[39m: Running on PORT 3030
2022-11-05 11:32:25 [32minfo[39m: Running on PORT 3030
2022-11-05 11:32:27 [32minfo[39m: Your Mongodb has been connected successfully
2022-11-05 11:32:53 [32minfo[39m: Running on PORT 3030
2022-11-05 11:32:55 [32minfo[39m: Your Mongodb has been connected successfully
2022-11-05 11:34:11 [32minfo[39m: Running on PORT 3030
2022-11-05 11:34:14 [32minfo[39m: Your Mongodb has been connected successfully
2022-11-05 11:34:35 [32minfo[39m: Running on PORT 3030
2022-11-05 11:34:36 [32minfo[39m: Your Mongodb has been connected successfully
2022-11-05 12:05:23 [32minfo[39m: Running on PORT 3030
2022-11-05 12:05:26 [32minfo[39m: Your Mongodb has been connected successfully
2022-11-05 12:10:26 [32minfo[39m: Running on PORT 3030
2022-11-05 12:10:28 [32minfo[39m: Your Mongodb has been connected successfully
2022-11-05 12:30:15 [32minfo[39m: Running on PORT 3030
2022-11-05 12:30:18 [32minfo[39m: Your Mongodb has been connected successfully
2022-11-05 12:30:56 [32minfo[39m: Running on PORT 3030
2022-11-05 12:30:58 [32minfo[39m: Your Mongodb has been connected successfully
2022-11-05 12:31:26 [32minfo[39m: Running on PORT 3030
2022-11-05 12:31:28 [32minfo[39m: Your Mongodb has been connected successfully
2022-11-05 12:31:30 [32minfo[39m: Running on PORT 3030
2022-11-05 12:31:32 [32minfo[39m: Your Mongodb has been connected successfully
2022-11-05 12:31:36 [32minfo[39m: Running on PORT 3030
2022-11-05 12:31:42 [32minfo[39m: Running on PORT 3030
2022-11-05 12:31:45 [32minfo[39m: Running on PORT 3030
2022-11-05 12:31:48 [32minfo[39m: Your Mongodb has been connected successfully
2022-11-05 12:32:32 [32minfo[39m: Running on PORT 3030
2022-11-05 12:32:34 [32minfo[39m: Your Mongodb has been connected successfully
2022-11-05 12:33:08 [32minfo[39m: Running on PORT 3030
2022-11-05 12:33:11 [32minfo[39m: Running on PORT 3030
2022-11-05 12:33:13 [32minfo[39m: Your Mongodb has been connected successfully
2022-11-05 12:33:32 [32minfo[39m: Running on PORT 3030
2022-11-05 12:33:35 [32minfo[39m: Your Mongodb has been connected successfully
2022-11-05 12:35:01 [32minfo[39m: Running on PORT 3030
2022-11-05 12:35:03 [32minfo[39m: Your Mongodb has been connected successfully
2022-11-05 12:35:56 [32minfo[39m: Running on PORT 3030
2022-11-05 12:36:01 [32minfo[39m: Your Mongodb has been connected successfully
2022-11-05 12:36:03 [31merror[39m: ReferenceError: user_id is not defined
    at getABlog (/Users/daraadesoji/Documents/Javascript/altschool/Backend_Engineering/blogging-api/controllers/blog.controller.js:94:47)
    at Layer.handle [as handle_request] (/Users/daraadesoji/Documents/Javascript/altschool/Backend_Engineering/blogging-api/node_modules/express/lib/router/layer.js:95:5)
    at next (/Users/daraadesoji/Documents/Javascript/altschool/Backend_Engineering/blogging-api/node_modules/express/lib/router/route.js:144:13)
    at Route.dispatch (/Users/daraadesoji/Documents/Javascript/altschool/Backend_Engineering/blogging-api/node_modules/express/lib/router/route.js:114:3)
    at Layer.handle [as handle_request] (/Users/daraadesoji/Documents/Javascript/altschool/Backend_Engineering/blogging-api/node_modules/express/lib/router/layer.js:95:5)
    at /Users/daraadesoji/Documents/Javascript/altschool/Backend_Engineering/blogging-api/node_modules/express/lib/router/index.js:284:15
    at param (/Users/daraadesoji/Documents/Javascript/altschool/Backend_Engineering/blogging-api/node_modules/express/lib/router/index.js:365:14)
    at param (/Users/daraadesoji/Documents/Javascript/altschool/Backend_Engineering/blogging-api/node_modules/express/lib/router/index.js:376:14)
    at Function.process_params (/Users/daraadesoji/Documents/Javascript/altschool/Backend_Engineering/blogging-api/node_modules/express/lib/router/index.js:421:3)
    at next (/Users/daraadesoji/Documents/Javascript/altschool/Backend_Engineering/blogging-api/node_modules/express/lib/router/index.js:280:10)
2022-11-05 12:37:09 [32minfo[39m: Running on PORT 3030
2022-11-05 12:37:13 [32minfo[39m: Your Mongodb has been connected successfully
2022-11-05 12:37:29 [32minfo[39m: Running on PORT 3030
2022-11-05 12:37:30 [32minfo[39m: Your Mongodb has been connected successfully
2022-11-05 12:37:33 [32minfo[39m: Running on PORT 3030
2022-11-05 12:37:37 [32minfo[39m: Your Mongodb has been connected successfully
2022-11-05 12:37:49 [32minfo[39m: Running on PORT 3030
2022-11-05 12:37:55 [32minfo[39m: Running on PORT 3030
2022-11-05 12:37:58 [32minfo[39m: Your Mongodb has been connected successfully
2022-11-05 12:38:16 [32minfo[39m: Running on PORT 3030
2022-11-05 12:38:18 [32minfo[39m: Your Mongodb has been connected successfully
2022-11-05 12:38:26 [32minfo[39m: Running on PORT 3030
2022-11-05 12:38:28 [32minfo[39m: Running on PORT 3030
2022-11-05 12:38:46 [32minfo[39m: Running on PORT 3030
2022-11-05 12:38:48 [32minfo[39m: Your Mongodb has been connected successfully
2022-11-05 12:39:05 [32minfo[39m: Running on PORT 3030
2022-11-05 12:39:06 [32minfo[39m: Your Mongodb has been connected successfully
2022-11-05 12:41:45 [32minfo[39m: Running on PORT 3030
2022-11-05 12:41:51 [32minfo[39m: Your Mongodb has been connected successfully
2022-11-05 12:42:31 [32minfo[39m: Running on PORT 3030
2022-11-05 12:42:33 [32minfo[39m: Your Mongodb has been connected successfully
2022-11-05 12:42:39 [32minfo[39m: Running on PORT 3030
2022-11-05 12:42:42 [32minfo[39m: Your Mongodb has been connected successfully
2022-11-05 12:43:57 [32minfo[39m: Running on PORT 3030
2022-11-05 12:43:59 [32minfo[39m: Your Mongodb has been connected successfully
2022-11-05 12:46:36 [32minfo[39m: Blog found
2022-11-05 12:46:41 [32minfo[39m: Blog found
2022-11-05 12:46:47 [32minfo[39m: Blog found
2022-11-05 12:51:45 [32minfo[39m: Running on PORT 3030
2022-11-05 12:51:59 [32minfo[39m: Running on PORT 3030
2022-11-05 12:52:01 [32minfo[39m: Your Mongodb has been connected successfully
2022-11-05 12:52:37 [32minfo[39m: Running on PORT 3030
2022-11-05 12:52:40 [32minfo[39m: Your Mongodb has been connected successfully
2022-11-05 12:52:54 [32minfo[39m: Running on PORT 3030
2022-11-05 12:52:57 [32minfo[39m: Your Mongodb has been connected successfully
2022-11-05 12:53:17 [32minfo[39m: Running on PORT 3030
2022-11-05 12:53:20 [32minfo[39m: Your Mongodb has been connected successfully
2022-11-05 12:53:22 [32minfo[39m: Blog found
2022-11-05 12:58:02 [32minfo[39m: Running on PORT 3030
2022-11-05 12:58:04 [32minfo[39m: Your Mongodb has been connected successfully
2022-11-05 12:58:49 [32minfo[39m: Running on PORT 3030
2022-11-05 12:58:51 [32minfo[39m: Your Mongodb has been connected successfully
2022-11-05 12:59:16 [32minfo[39m: Running on PORT 3030
2022-11-05 12:59:18 [32minfo[39m: Your Mongodb has been connected successfully
2022-11-05 12:59:25 [32minfo[39m: Blog found
2022-11-05 12:59:59 [32minfo[39m: Running on PORT 3030
2022-11-05 13:00:05 [32minfo[39m: Running on PORT 3030
2022-11-05 13:00:09 [32minfo[39m: Running on PORT 3030
2022-11-05 13:00:13 [32minfo[39m: Running on PORT 3030
2022-11-05 13:00:15 [32minfo[39m: Running on PORT 3030
2022-11-05 13:00:22 [32minfo[39m: Your Mongodb has been connected successfully
2022-11-05 13:00:26 [32minfo[39m: Running on PORT 3030
2022-11-05 13:00:29 [32minfo[39m: Your Mongodb has been connected successfully
2022-11-05 13:00:36 [32minfo[39m: Running on PORT 3030
2022-11-05 13:00:38 [32minfo[39m: Your Mongodb has been connected successfully
2022-11-05 13:03:29 [32minfo[39m: Running on PORT 3030
2022-11-05 13:03:32 [32minfo[39m: Your Mongodb has been connected successfully
2022-11-05 13:03:46 [32minfo[39m: Running on PORT 3030
2022-11-05 13:03:48 [32minfo[39m: Your Mongodb has been connected successfully
2022-11-05 13:04:09 [31merror[39m: ReferenceError: Cannot access '_id' before initialization
    at getABlog (/Users/daraadesoji/Documents/Javascript/altschool/Backend_Engineering/blogging-api/controllers/blog.controller.js:107:52)
    at processTicksAndRejections (node:internal/process/task_queues:96:5)
2022-11-05 13:05:03 [32minfo[39m: Running on PORT 3030
2022-11-05 13:05:10 [32minfo[39m: Running on PORT 3030
2022-11-05 13:05:11 [32minfo[39m: Your Mongodb has been connected successfully
2022-11-05 13:05:38 [32minfo[39m: Running on PORT 3030
2022-11-05 13:05:50 [32minfo[39m: Running on PORT 3030
2022-11-05 13:05:56 [32minfo[39m: Running on PORT 3030
2022-11-05 13:05:59 [32minfo[39m: Running on PORT 3030
2022-11-05 13:06:06 [32minfo[39m: Running on PORT 3030
2022-11-05 13:06:41 [32minfo[39m: Running on PORT 3030
2022-11-05 13:06:59 [32minfo[39m: Running on PORT 3030
2022-11-05 13:07:01 [32minfo[39m: Your Mongodb has been connected successfully
2022-11-05 13:09:13 [32minfo[39m: Running on PORT 3030
2022-11-05 13:09:15 [32minfo[39m: Your Mongodb has been connected successfully
2022-11-05 13:09:22 [32minfo[39m: Running on PORT 3030
2022-11-05 13:09:24 [32minfo[39m: Your Mongodb has been connected successfully
2022-11-05 13:09:35 [32minfo[39m: Running on PORT 3030
2022-11-05 13:09:37 [32minfo[39m: Your Mongodb has been connected successfully
2022-11-05 13:09:52 [32minfo[39m: Running on PORT 3030
2022-11-05 13:09:54 [32minfo[39m: Your Mongodb has been connected successfully
2022-11-05 13:09:58 [32minfo[39m: Running on PORT 3030
2022-11-05 13:10:00 [32minfo[39m: Your Mongodb has been connected successfully
2022-11-05 13:10:23 [32minfo[39m: Running on PORT 3030
2022-11-05 13:10:25 [32minfo[39m: Your Mongodb has been connected successfully
2022-11-05 13:10:46 [32minfo[39m: Running on PORT 3030
2022-11-05 13:10:54 [32minfo[39m: Running on PORT 3030
2022-11-05 13:10:56 [32minfo[39m: Your Mongodb has been connected successfully
2022-11-05 13:11:46 [32minfo[39m: Running on PORT 3030
2022-11-05 13:11:48 [32minfo[39m: Your Mongodb has been connected successfully
2022-11-05 13:13:02 [32minfo[39m: Running on PORT 3030
2022-11-05 13:13:05 [32minfo[39m: Your Mongodb has been connected successfully
2022-11-05 13:13:14 [32minfo[39m: Blog found
2022-11-05 13:13:22 [32minfo[39m: Blog found
2022-11-05 13:13:26 [32minfo[39m: Blog found
2022-11-05 13:14:19 [32minfo[39m: Running on PORT 3030
2022-11-05 13:14:25 [32minfo[39m: Your Mongodb has been connected successfully
2022-11-05 13:14:29 [32minfo[39m: Blog found
2022-11-05 13:14:38 [32minfo[39m: Blog found
2022-11-05 13:14:42 [32minfo[39m: Blog found
2022-11-05 13:15:50 [32minfo[39m: Running on PORT 3030
2022-11-05 13:15:52 [32minfo[39m: Your Mongodb has been connected successfully
2022-11-05 13:16:01 [32minfo[39m: Running on PORT 3030
2022-11-05 13:16:19 [32minfo[39m: Running on PORT 3030
2022-11-05 13:16:22 [32minfo[39m: Your Mongodb has been connected successfully
2022-11-05 13:16:27 [32minfo[39m: Blog found
2022-11-05 13:17:20 [32minfo[39m: Running on PORT 3030
2022-11-05 13:17:23 [32minfo[39m: Running on PORT 3030
2022-11-05 13:17:26 [32minfo[39m: Your Mongodb has been connected successfully
2022-11-05 13:17:29 [32minfo[39m: Running on PORT 3030
2022-11-05 13:17:30 [32minfo[39m: Your Mongodb has been connected successfully
2022-11-05 13:17:37 [32minfo[39m: Blog found
