2022-11-03 23:16:44 [31merror[39m: Error [ERR_HTTP_HEADERS_SENT]: Cannot set headers after they are sent to the client
    at new NodeError (node:internal/errors:387:5)
    at ServerResponse.setHeader (node:_http_outgoing:603:11)
    at ServerResponse.header (/Users/daraadesoji/Documents/Javascript/altschool/Backend_Engineering/blogging-api/node_modules/express/lib/response.js:794:10)
    at ServerResponse.send (/Users/daraadesoji/Documents/Javascript/altschool/Backend_Engineering/blogging-api/node_modules/express/lib/response.js:174:12)
    at ServerResponse.json (/Users/daraadesoji/Documents/Javascript/altschool/Backend_Engineering/blogging-api/node_modules/express/lib/response.js:278:15)
    at ServerResponse.send (/Users/daraadesoji/Documents/Javascript/altschool/Backend_Engineering/blogging-api/node_modules/express/lib/response.js:162:21)
    at /Users/daraadesoji/Documents/Javascript/altschool/Backend_Engineering/blogging-api/controllers/blog.controller.js:10:13
    at processTicksAndRejections (node:internal/process/task_queues:96:5)
2022-11-03 23:41:57 [31merror[39m: MongooseError: Operation `blogs.findOneAndUpdate()` buffering timed out after 10000ms
    at Timeout.<anonymous> (/Users/daraadesoji/Documents/Javascript/altschool/Backend_Engineering/blogging-api/node_modules/mongoose/lib/drivers/node-mongodb-native/collection.js:153:23)
    at listOnTimeout (node:internal/timers:559:17)
    at processTimers (node:internal/timers:502:7)
2022-11-03 23:42:20 [31merror[39m: Error: querySrv ETIMEOUT _mongodb._tcp.cluster0.f9e9q5n.mongodb.net
    at QueryReqWrap.onresolve [as oncomplete] (node:internal/dns/promises:240:17)
2022-11-03 23:44:10 [31merror[39m: Error: querySrv ETIMEOUT _mongodb._tcp.cluster0.f9e9q5n.mongodb.net
    at QueryReqWrap.onresolve [as oncomplete] (node:internal/dns/promises:240:17)
2022-11-04 23:28:59 [31merror[39m: MongooseError: Operation `blogs.findOne()` buffering timed out after 10000ms
    at Timeout.<anonymous> (/Users/daraadesoji/Documents/Javascript/altschool/Backend_Engineering/blogging-api/node_modules/mongoose/lib/drivers/node-mongodb-native/collection.js:153:23)
    at listOnTimeout (node:internal/timers:559:17)
    at processTimers (node:internal/timers:502:7)
2022-11-05 00:29:35 [31merror[39m: ReferenceError: blog_id is not defined
    at authorizedUser (/Users/daraadesoji/Documents/Javascript/altschool/Backend_Engineering/blogging-api/middleware/authurized.js:11:51)
    at Layer.handle [as handle_request] (/Users/daraadesoji/Documents/Javascript/altschool/Backend_Engineering/blogging-api/node_modules/express/lib/router/layer.js:95:5)
    at next (/Users/daraadesoji/Documents/Javascript/altschool/Backend_Engineering/blogging-api/node_modules/express/lib/router/route.js:144:13)
    at authenticateUser (/Users/daraadesoji/Documents/Javascript/altschool/Backend_Engineering/blogging-api/middleware/auth.js:22:12)
    at Layer.handle [as handle_request] (/Users/daraadesoji/Documents/Javascript/altschool/Backend_Engineering/blogging-api/node_modules/express/lib/router/layer.js:95:5)
    at next (/Users/daraadesoji/Documents/Javascript/altschool/Backend_Engineering/blogging-api/node_modules/express/lib/router/route.js:144:13)
    at Route.dispatch (/Users/daraadesoji/Documents/Javascript/altschool/Backend_Engineering/blogging-api/node_modules/express/lib/router/route.js:114:3)
    at Layer.handle [as handle_request] (/Users/daraadesoji/Documents/Javascript/altschool/Backend_Engineering/blogging-api/node_modules/express/lib/router/layer.js:95:5)
    at /Users/daraadesoji/Documents/Javascript/altschool/Backend_Engineering/blogging-api/node_modules/express/lib/router/index.js:284:15
    at param (/Users/daraadesoji/Documents/Javascript/altschool/Backend_Engineering/blogging-api/node_modules/express/lib/router/index.js:365:14)
2022-11-05 00:31:30 [31merror[39m: TypeError: Assignment to constant variable.
    at authorizedUser (/Users/daraadesoji/Documents/Javascript/altschool/Backend_Engineering/blogging-api/middleware/authurized.js:22:30)
    at processTicksAndRejections (node:internal/process/task_queues:96:5)
2022-11-05 00:31:59 [31merror[39m: ReferenceError: body is not defined
    at deleteBlog (/Users/daraadesoji/Documents/Javascript/altschool/Backend_Engineering/blogging-api/controllers/blog.controller.js:81:9)
    at Layer.handle [as handle_request] (/Users/daraadesoji/Documents/Javascript/altschool/Backend_Engineering/blogging-api/node_modules/express/lib/router/layer.js:95:5)
    at next (/Users/daraadesoji/Documents/Javascript/altschool/Backend_Engineering/blogging-api/node_modules/express/lib/router/route.js:144:13)
    at authorizedUser (/Users/daraadesoji/Documents/Javascript/altschool/Backend_Engineering/blogging-api/middleware/authurized.js:28:16)
    at processTicksAndRejections (node:internal/process/task_queues:96:5)
2022-11-05 00:38:42 [31merror[39m: CastError: Cast to ObjectId failed for value "eyJhbGciOiJIUzI1NiIsInR5cCI6IkpXVCJ9.eyJpZCI6IjYzNjUzM2JlNmI4YTFiOWI0MmQxYzA3OSIsImlhdCI6MTY2NzYwNDQxMiwiZXhwIjoxNjY3NjA4MDEyfQ.tPFlMAdd22bkPErMHXBdPTHF2mxrwiJZXvjPBauElf8" (type string) at path "_id" for model "Blog"
    at model.Query.exec (/Users/daraadesoji/Documents/Javascript/altschool/Backend_Engineering/blogging-api/node_modules/mongoose/lib/query.js:4891:21)
    at model.Query.Query.catch (/Users/daraadesoji/Documents/Javascript/altschool/Backend_Engineering/blogging-api/node_modules/mongoose/lib/query.js:5006:15)
    at authorizedUser (/Users/daraadesoji/Documents/Javascript/altschool/Backend_Engineering/blogging-api/middleware/authurized.js:13:23)
    at Layer.handle [as handle_request] (/Users/daraadesoji/Documents/Javascript/altschool/Backend_Engineering/blogging-api/node_modules/express/lib/router/layer.js:95:5)
    at next (/Users/daraadesoji/Documents/Javascript/altschool/Backend_Engineering/blogging-api/node_modules/express/lib/router/route.js:144:13)
    at authenticateUser (/Users/daraadesoji/Documents/Javascript/altschool/Backend_Engineering/blogging-api/middleware/auth.js:22:12)
    at Layer.handle [as handle_request] (/Users/daraadesoji/Documents/Javascript/altschool/Backend_Engineering/blogging-api/node_modules/express/lib/router/layer.js:95:5)
    at next (/Users/daraadesoji/Documents/Javascript/altschool/Backend_Engineering/blogging-api/node_modules/express/lib/router/route.js:144:13)
    at Route.dispatch (/Users/daraadesoji/Documents/Javascript/altschool/Backend_Engineering/blogging-api/node_modules/express/lib/router/route.js:114:3)
    at Layer.handle [as handle_request] (/Users/daraadesoji/Documents/Javascript/altschool/Backend_Engineering/blogging-api/node_modules/express/lib/router/layer.js:95:5)
2022-11-05 00:39:41 [31merror[39m: CastError: Cast to ObjectId failed for value "6365a2415ddc0a0f5c9a66c1.eyJpZCI6IjYzNjUzM2JlNmI4YTFiOWI0MmQxYzA3OSIsImlhdCI6MTY2NzYwNDQxMiwiZXhwIjoxNjY3NjA4MDEyfQ.tPFlMAdd22bkPErMHXBdPTHF2mxrwiJZXvjPBauElf8.eyJpZCI6IjYzNjUzM2JlNmI4YTFiOWI0MmQxYzA3OSIsImlhdCI6MTY2NzYwNDQxMiwiZXhwIjoxNjY3NjA4MDEyfQ.tPFlMAdd22bkPErMHXBdPTHF2mxrwiJZXvjPBauElf8" (type string) at path "_id" for model "Blog"
    at model.Query.exec (/Users/daraadesoji/Documents/Javascript/altschool/Backend_Engineering/blogging-api/node_modules/mongoose/lib/query.js:4891:21)
    at model.Query.Query.catch (/Users/daraadesoji/Documents/Javascript/altschool/Backend_Engineering/blogging-api/node_modules/mongoose/lib/query.js:5006:15)
    at authorizedUser (/Users/daraadesoji/Documents/Javascript/altschool/Backend_Engineering/blogging-api/middleware/authurized.js:13:23)
    at Layer.handle [as handle_request] (/Users/daraadesoji/Documents/Javascript/altschool/Backend_Engineering/blogging-api/node_modules/express/lib/router/layer.js:95:5)
    at next (/Users/daraadesoji/Documents/Javascript/altschool/Backend_Engineering/blogging-api/node_modules/express/lib/router/route.js:144:13)
    at authenticateUser (/Users/daraadesoji/Documents/Javascript/altschool/Backend_Engineering/blogging-api/middleware/auth.js:22:12)
    at Layer.handle [as handle_request] (/Users/daraadesoji/Documents/Javascript/altschool/Backend_Engineering/blogging-api/node_modules/express/lib/router/layer.js:95:5)
    at next (/Users/daraadesoji/Documents/Javascript/altschool/Backend_Engineering/blogging-api/node_modules/express/lib/router/route.js:144:13)
    at Route.dispatch (/Users/daraadesoji/Documents/Javascript/altschool/Backend_Engineering/blogging-api/node_modules/express/lib/router/route.js:114:3)
    at Layer.handle [as handle_request] (/Users/daraadesoji/Documents/Javascript/altschool/Backend_Engineering/blogging-api/node_modules/express/lib/router/layer.js:95:5)
2022-11-05 00:42:20 [31merror[39m: CastError: Cast to ObjectId failed for value "6365a2415ddc0a0f5c9a66c1.eyJpZCI6IjYzNjUzM2JlNmI4YTFiOWI0MmQxYzA3OSIsImlhdCI6MTY2NzYwNDQxMiwiZXhwIjoxNjY3NjA4MDEyfQ.tPFlMAdd22bkPErMHXBdPTHF2mxrwiJZXvjPBauElf8.eyJpZCI6IjYzNjUzM2JlNmI4YTFiOWI0MmQxYzA3OSIsImlhdCI6MTY2NzYwNDQxMiwiZXhwIjoxNjY3NjA4MDEyfQ.tPFlMAdd22bkPErMHXBdPTHF2mxrwiJZXvjPBauElf8" (type string) at path "_id" for model "Blog"
    at model.Query.exec (/Users/daraadesoji/Documents/Javascript/altschool/Backend_Engineering/blogging-api/node_modules/mongoose/lib/query.js:4891:21)
    at model.Query.Query.catch (/Users/daraadesoji/Documents/Javascript/altschool/Backend_Engineering/blogging-api/node_modules/mongoose/lib/query.js:5006:15)
    at authorizedUser (/Users/daraadesoji/Documents/Javascript/altschool/Backend_Engineering/blogging-api/middleware/authurized.js:13:23)
    at Layer.handle [as handle_request] (/Users/daraadesoji/Documents/Javascript/altschool/Backend_Engineering/blogging-api/node_modules/express/lib/router/layer.js:95:5)
    at next (/Users/daraadesoji/Documents/Javascript/altschool/Backend_Engineering/blogging-api/node_modules/express/lib/router/route.js:144:13)
    at authenticateUser (/Users/daraadesoji/Documents/Javascript/altschool/Backend_Engineering/blogging-api/middleware/auth.js:22:12)
    at Layer.handle [as handle_request] (/Users/daraadesoji/Documents/Javascript/altschool/Backend_Engineering/blogging-api/node_modules/express/lib/router/layer.js:95:5)
    at next (/Users/daraadesoji/Documents/Javascript/altschool/Backend_Engineering/blogging-api/node_modules/express/lib/router/route.js:144:13)
    at Route.dispatch (/Users/daraadesoji/Documents/Javascript/altschool/Backend_Engineering/blogging-api/node_modules/express/lib/router/route.js:114:3)
    at Layer.handle [as handle_request] (/Users/daraadesoji/Documents/Javascript/altschool/Backend_Engineering/blogging-api/node_modules/express/lib/router/layer.js:95:5)
2022-11-05 00:42:20 [31merror[39m: Error [ERR_HTTP_HEADERS_SENT]: Cannot set headers after they are sent to the client
    at new NodeError (node:internal/errors:387:5)
    at ServerResponse.setHeader (node:_http_outgoing:603:11)
    at ServerResponse.header (/Users/daraadesoji/Documents/Javascript/altschool/Backend_Engineering/blogging-api/node_modules/express/lib/response.js:794:10)
    at ServerResponse.send (/Users/daraadesoji/Documents/Javascript/altschool/Backend_Engineering/blogging-api/node_modules/express/lib/response.js:174:12)
    at ServerResponse.json (/Users/daraadesoji/Documents/Javascript/altschool/Backend_Engineering/blogging-api/node_modules/express/lib/response.js:278:15)
    at authorizedUser (/Users/daraadesoji/Documents/Javascript/altschool/Backend_Engineering/blogging-api/middleware/authurized.js:26:36)
    at processTicksAndRejections (node:internal/process/task_queues:96:5)
2022-11-05 00:44:00 [31merror[39m: CastError: Cast to ObjectId failed for value "6365a2415ddc0a0f5c9a66c1.eyJpZCI6IjYzNjUzM2JlNmI4YTFiOWI0MmQxYzA3OSIsImlhdCI6MTY2NzYwNDQxMiwiZXhwIjoxNjY3NjA4MDEyfQ.tPFlMAdd22bkPErMHXBdPTHF2mxrwiJZXvjPBauElf8.eyJpZCI6IjYzNjUzM2JlNmI4YTFiOWI0MmQxYzA3OSIsImlhdCI6MTY2NzYwNDQxMiwiZXhwIjoxNjY3NjA4MDEyfQ.tPFlMAdd22bkPErMHXBdPTHF2mxrwiJZXvjPBauElf8" (type string) at path "_id" for model "Blog"
    at model.Query.exec (/Users/daraadesoji/Documents/Javascript/altschool/Backend_Engineering/blogging-api/node_modules/mongoose/lib/query.js:4891:21)
    at model.Query.Query.catch (/Users/daraadesoji/Documents/Javascript/altschool/Backend_Engineering/blogging-api/node_modules/mongoose/lib/query.js:5006:15)
    at authorizedUser (/Users/daraadesoji/Documents/Javascript/altschool/Backend_Engineering/blogging-api/middleware/authurized.js:14:23)
    at Layer.handle [as handle_request] (/Users/daraadesoji/Documents/Javascript/altschool/Backend_Engineering/blogging-api/node_modules/express/lib/router/layer.js:95:5)
    at next (/Users/daraadesoji/Documents/Javascript/altschool/Backend_Engineering/blogging-api/node_modules/express/lib/router/route.js:144:13)
    at authenticateUser (/Users/daraadesoji/Documents/Javascript/altschool/Backend_Engineering/blogging-api/middleware/auth.js:22:12)
    at Layer.handle [as handle_request] (/Users/daraadesoji/Documents/Javascript/altschool/Backend_Engineering/blogging-api/node_modules/express/lib/router/layer.js:95:5)
    at next (/Users/daraadesoji/Documents/Javascript/altschool/Backend_Engineering/blogging-api/node_modules/express/lib/router/route.js:144:13)
    at Route.dispatch (/Users/daraadesoji/Documents/Javascript/altschool/Backend_Engineering/blogging-api/node_modules/express/lib/router/route.js:114:3)
    at Layer.handle [as handle_request] (/Users/daraadesoji/Documents/Javascript/altschool/Backend_Engineering/blogging-api/node_modules/express/lib/router/layer.js:95:5)
2022-11-05 00:44:00 [31merror[39m: Error [ERR_HTTP_HEADERS_SENT]: Cannot set headers after they are sent to the client
    at new NodeError (node:internal/errors:387:5)
    at ServerResponse.setHeader (node:_http_outgoing:603:11)
    at ServerResponse.header (/Users/daraadesoji/Documents/Javascript/altschool/Backend_Engineering/blogging-api/node_modules/express/lib/response.js:794:10)
    at ServerResponse.send (/Users/daraadesoji/Documents/Javascript/altschool/Backend_Engineering/blogging-api/node_modules/express/lib/response.js:174:12)
    at ServerResponse.json (/Users/daraadesoji/Documents/Javascript/altschool/Backend_Engineering/blogging-api/node_modules/express/lib/response.js:278:15)
    at authorizedUser (/Users/daraadesoji/Documents/Javascript/altschool/Backend_Engineering/blogging-api/middleware/authurized.js:27:36)
    at processTicksAndRejections (node:internal/process/task_queues:96:5)
2022-11-05 00:51:30 [31merror[39m: ReferenceError: blog is not defined
    at updateBlog (/Users/daraadesoji/Documents/Javascript/altschool/Backend_Engineering/blogging-api/controllers/blog.controller.js:61:9)
    at Layer.handle [as handle_request] (/Users/daraadesoji/Documents/Javascript/altschool/Backend_Engineering/blogging-api/node_modules/express/lib/router/layer.js:95:5)
    at next (/Users/daraadesoji/Documents/Javascript/altschool/Backend_Engineering/blogging-api/node_modules/express/lib/router/route.js:144:13)
    at authorizedUser (/Users/daraadesoji/Documents/Javascript/altschool/Backend_Engineering/blogging-api/middleware/authurized.js:29:16)
    at processTicksAndRejections (node:internal/process/task_queues:96:5)
2022-11-05 00:53:18 [31merror[39m: ReferenceError: id is not defined
    at updateBlog (/Users/daraadesoji/Documents/Javascript/altschool/Backend_Engineering/blogging-api/controllers/blog.controller.js:61:43)
    at Layer.handle [as handle_request] (/Users/daraadesoji/Documents/Javascript/altschool/Backend_Engineering/blogging-api/node_modules/express/lib/router/layer.js:95:5)
    at next (/Users/daraadesoji/Documents/Javascript/altschool/Backend_Engineering/blogging-api/node_modules/express/lib/router/route.js:144:13)
    at authorizedUser (/Users/daraadesoji/Documents/Javascript/altschool/Backend_Engineering/blogging-api/middleware/authurized.js:29:16)
    at processTicksAndRejections (node:internal/process/task_queues:96:5)
2022-11-05 01:13:40 [31merror[39m: CastError: Cast to ObjectId failed for value "myblogs" (type string) at path "_id" for model "Blog"
    at model.Query.exec (/Users/daraadesoji/Documents/Javascript/altschool/Backend_Engineering/blogging-api/node_modules/mongoose/lib/query.js:4891:21)
    at model.Query.Query.then (/Users/daraadesoji/Documents/Javascript/altschool/Backend_Engineering/blogging-api/node_modules/mongoose/lib/query.js:4990:15)
    at getABlog (/Users/daraadesoji/Documents/Javascript/altschool/Backend_Engineering/blogging-api/controllers/blog.controller.js:44:10)
    at Layer.handle [as handle_request] (/Users/daraadesoji/Documents/Javascript/altschool/Backend_Engineering/blogging-api/node_modules/express/lib/router/layer.js:95:5)
    at next (/Users/daraadesoji/Documents/Javascript/altschool/Backend_Engineering/blogging-api/node_modules/express/lib/router/route.js:144:13)
    at Route.dispatch (/Users/daraadesoji/Documents/Javascript/altschool/Backend_Engineering/blogging-api/node_modules/express/lib/router/route.js:114:3)
    at Layer.handle [as handle_request] (/Users/daraadesoji/Documents/Javascript/altschool/Backend_Engineering/blogging-api/node_modules/express/lib/router/layer.js:95:5)
    at /Users/daraadesoji/Documents/Javascript/altschool/Backend_Engineering/blogging-api/node_modules/express/lib/router/index.js:284:15
    at param (/Users/daraadesoji/Documents/Javascript/altschool/Backend_Engineering/blogging-api/node_modules/express/lib/router/index.js:365:14)
    at param (/Users/daraadesoji/Documents/Javascript/altschool/Backend_Engineering/blogging-api/node_modules/express/lib/router/index.js:376:14)
2022-11-05 01:17:18 [31merror[39m: CastError: Cast to ObjectId failed for value "myblogs" (type string) at path "_id" for model "Blog"
    at model.Query.exec (/Users/daraadesoji/Documents/Javascript/altschool/Backend_Engineering/blogging-api/node_modules/mongoose/lib/query.js:4891:21)
    at model.Query.Query.then (/Users/daraadesoji/Documents/Javascript/altschool/Backend_Engineering/blogging-api/node_modules/mongoose/lib/query.js:4990:15)
    at getABlog (/Users/daraadesoji/Documents/Javascript/altschool/Backend_Engineering/blogging-api/controllers/blog.controller.js:52:10)
    at Layer.handle [as handle_request] (/Users/daraadesoji/Documents/Javascript/altschool/Backend_Engineering/blogging-api/node_modules/express/lib/router/layer.js:95:5)
    at next (/Users/daraadesoji/Documents/Javascript/altschool/Backend_Engineering/blogging-api/node_modules/express/lib/router/route.js:144:13)
    at Route.dispatch (/Users/daraadesoji/Documents/Javascript/altschool/Backend_Engineering/blogging-api/node_modules/express/lib/router/route.js:114:3)
    at Layer.handle [as handle_request] (/Users/daraadesoji/Documents/Javascript/altschool/Backend_Engineering/blogging-api/node_modules/express/lib/router/layer.js:95:5)
    at /Users/daraadesoji/Documents/Javascript/altschool/Backend_Engineering/blogging-api/node_modules/express/lib/router/index.js:284:15
    at param (/Users/daraadesoji/Documents/Javascript/altschool/Backend_Engineering/blogging-api/node_modules/express/lib/router/index.js:365:14)
    at param (/Users/daraadesoji/Documents/Javascript/altschool/Backend_Engineering/blogging-api/node_modules/express/lib/router/index.js:376:14)
2022-11-05 01:18:12 [31merror[39m: CastError: Cast to ObjectId failed for value "myblog" (type string) at path "_id" for model "Blog"
    at model.Query.exec (/Users/daraadesoji/Documents/Javascript/altschool/Backend_Engineering/blogging-api/node_modules/mongoose/lib/query.js:4891:21)
    at model.Query.Query.then (/Users/daraadesoji/Documents/Javascript/altschool/Backend_Engineering/blogging-api/node_modules/mongoose/lib/query.js:4990:15)
    at getABlog (/Users/daraadesoji/Documents/Javascript/altschool/Backend_Engineering/blogging-api/controllers/blog.controller.js:52:10)
    at Layer.handle [as handle_request] (/Users/daraadesoji/Documents/Javascript/altschool/Backend_Engineering/blogging-api/node_modules/express/lib/router/layer.js:95:5)
    at next (/Users/daraadesoji/Documents/Javascript/altschool/Backend_Engineering/blogging-api/node_modules/express/lib/router/route.js:144:13)
    at Route.dispatch (/Users/daraadesoji/Documents/Javascript/altschool/Backend_Engineering/blogging-api/node_modules/express/lib/router/route.js:114:3)
    at Layer.handle [as handle_request] (/Users/daraadesoji/Documents/Javascript/altschool/Backend_Engineering/blogging-api/node_modules/express/lib/router/layer.js:95:5)
    at /Users/daraadesoji/Documents/Javascript/altschool/Backend_Engineering/blogging-api/node_modules/express/lib/router/index.js:284:15
    at param (/Users/daraadesoji/Documents/Javascript/altschool/Backend_Engineering/blogging-api/node_modules/express/lib/router/index.js:365:14)
    at param (/Users/daraadesoji/Documents/Javascript/altschool/Backend_Engineering/blogging-api/node_modules/express/lib/router/index.js:376:14)
2022-11-05 01:20:06 [31merror[39m: CastError: Cast to ObjectId failed for value "myblog" (type string) at path "_id" for model "Blog"
    at model.Query.exec (/Users/daraadesoji/Documents/Javascript/altschool/Backend_Engineering/blogging-api/node_modules/mongoose/lib/query.js:4891:21)
    at model.Query.Query.then (/Users/daraadesoji/Documents/Javascript/altschool/Backend_Engineering/blogging-api/node_modules/mongoose/lib/query.js:4990:15)
    at getABlog (/Users/daraadesoji/Documents/Javascript/altschool/Backend_Engineering/blogging-api/controllers/blog.controller.js:52:10)
    at Layer.handle [as handle_request] (/Users/daraadesoji/Documents/Javascript/altschool/Backend_Engineering/blogging-api/node_modules/express/lib/router/layer.js:95:5)
    at next (/Users/daraadesoji/Documents/Javascript/altschool/Backend_Engineering/blogging-api/node_modules/express/lib/router/route.js:144:13)
    at Route.dispatch (/Users/daraadesoji/Documents/Javascript/altschool/Backend_Engineering/blogging-api/node_modules/express/lib/router/route.js:114:3)
    at Layer.handle [as handle_request] (/Users/daraadesoji/Documents/Javascript/altschool/Backend_Engineering/blogging-api/node_modules/express/lib/router/layer.js:95:5)
    at /Users/daraadesoji/Documents/Javascript/altschool/Backend_Engineering/blogging-api/node_modules/express/lib/router/index.js:284:15
    at param (/Users/daraadesoji/Documents/Javascript/altschool/Backend_Engineering/blogging-api/node_modules/express/lib/router/index.js:365:14)
    at param (/Users/daraadesoji/Documents/Javascript/altschool/Backend_Engineering/blogging-api/node_modules/express/lib/router/index.js:376:14)
2022-11-05 01:23:37 [31merror[39m: CastError: Cast to ObjectId failed for value "myblog" (type string) at path "_id" for model "Blog"
    at model.Query.exec (/Users/daraadesoji/Documents/Javascript/altschool/Backend_Engineering/blogging-api/node_modules/mongoose/lib/query.js:4891:21)
    at model.Query.Query.then (/Users/daraadesoji/Documents/Javascript/altschool/Backend_Engineering/blogging-api/node_modules/mongoose/lib/query.js:4990:15)
    at getABlog (/Users/daraadesoji/Documents/Javascript/altschool/Backend_Engineering/blogging-api/controllers/blog.controller.js:52:10)
    at Layer.handle [as handle_request] (/Users/daraadesoji/Documents/Javascript/altschool/Backend_Engineering/blogging-api/node_modules/express/lib/router/layer.js:95:5)
    at next (/Users/daraadesoji/Documents/Javascript/altschool/Backend_Engineering/blogging-api/node_modules/express/lib/router/route.js:144:13)
    at Route.dispatch (/Users/daraadesoji/Documents/Javascript/altschool/Backend_Engineering/blogging-api/node_modules/express/lib/router/route.js:114:3)
    at Layer.handle [as handle_request] (/Users/daraadesoji/Documents/Javascript/altschool/Backend_Engineering/blogging-api/node_modules/express/lib/router/layer.js:95:5)
    at /Users/daraadesoji/Documents/Javascript/altschool/Backend_Engineering/blogging-api/node_modules/express/lib/router/index.js:284:15
    at param (/Users/daraadesoji/Documents/Javascript/altschool/Backend_Engineering/blogging-api/node_modules/express/lib/router/index.js:365:14)
    at param (/Users/daraadesoji/Documents/Javascript/altschool/Backend_Engineering/blogging-api/node_modules/express/lib/router/index.js:376:14)
2022-11-05 01:45:13 [31merror[39m: You have no personal blog
2022-11-05 01:46:26 [31merror[39m: You have no personal blog
2022-11-05 01:48:04 [31merror[39m: ReferenceError: publishedBlogs is not defined
    at /Users/daraadesoji/Documents/Javascript/altschool/Backend_Engineering/blogging-api/controllers/blog.controller.js:152:69
    at processTicksAndRejections (node:internal/process/task_queues:96:5)
2022-11-05 12:36:03 [31merror[39m: ReferenceError: user_id is not defined
    at getABlog (/Users/daraadesoji/Documents/Javascript/altschool/Backend_Engineering/blogging-api/controllers/blog.controller.js:94:47)
    at Layer.handle [as handle_request] (/Users/daraadesoji/Documents/Javascript/altschool/Backend_Engineering/blogging-api/node_modules/express/lib/router/layer.js:95:5)
    at next (/Users/daraadesoji/Documents/Javascript/altschool/Backend_Engineering/blogging-api/node_modules/express/lib/router/route.js:144:13)
    at Route.dispatch (/Users/daraadesoji/Documents/Javascript/altschool/Backend_Engineering/blogging-api/node_modules/express/lib/router/route.js:114:3)
    at Layer.handle [as handle_request] (/Users/daraadesoji/Documents/Javascript/altschool/Backend_Engineering/blogging-api/node_modules/express/lib/router/layer.js:95:5)
    at /Users/daraadesoji/Documents/Javascript/altschool/Backend_Engineering/blogging-api/node_modules/express/lib/router/index.js:284:15
    at param (/Users/daraadesoji/Documents/Javascript/altschool/Backend_Engineering/blogging-api/node_modules/express/lib/router/index.js:365:14)
    at param (/Users/daraadesoji/Documents/Javascript/altschool/Backend_Engineering/blogging-api/node_modules/express/lib/router/index.js:376:14)
    at Function.process_params (/Users/daraadesoji/Documents/Javascript/altschool/Backend_Engineering/blogging-api/node_modules/express/lib/router/index.js:421:3)
    at next (/Users/daraadesoji/Documents/Javascript/altschool/Backend_Engineering/blogging-api/node_modules/express/lib/router/index.js:280:10)
2022-11-05 13:04:09 [31merror[39m: ReferenceError: Cannot access '_id' before initialization
    at getABlog (/Users/daraadesoji/Documents/Javascript/altschool/Backend_Engineering/blogging-api/controllers/blog.controller.js:107:52)
    at processTicksAndRejections (node:internal/process/task_queues:96:5)
2022-11-06 00:37:36 [31merror[39m: MongoServerError: E11000 duplicate key error collection: blogging.blogs index: title_1 dup key: { title: "kevvin boy" }
    at /Users/daraadesoji/Documents/Javascript/altschool/Backend_Engineering/blogging-api/node_modules/mongodb/lib/operations/insert.js:53:33
    at /Users/daraadesoji/Documents/Javascript/altschool/Backend_Engineering/blogging-api/node_modules/mongodb/lib/cmap/connection_pool.js:308:25
    at /Users/daraadesoji/Documents/Javascript/altschool/Backend_Engineering/blogging-api/node_modules/mongodb/lib/sdam/server.js:213:17
    at handleOperationResult (/Users/daraadesoji/Documents/Javascript/altschool/Backend_Engineering/blogging-api/node_modules/mongodb/lib/sdam/server.js:329:20)
    at Connection.onMessage (/Users/daraadesoji/Documents/Javascript/altschool/Backend_Engineering/blogging-api/node_modules/mongodb/lib/cmap/connection.js:219:9)
    at MessageStream.<anonymous> (/Users/daraadesoji/Documents/Javascript/altschool/Backend_Engineering/blogging-api/node_modules/mongodb/lib/cmap/connection.js:60:60)
    at MessageStream.emit (node:events:513:28)
    at processIncomingData (/Users/daraadesoji/Documents/Javascript/altschool/Backend_Engineering/blogging-api/node_modules/mongodb/lib/cmap/message_stream.js:132:20)
    at MessageStream._write (/Users/daraadesoji/Documents/Javascript/altschool/Backend_Engineering/blogging-api/node_modules/mongodb/lib/cmap/message_stream.js:33:9)
    at writeOrBuffer (node:internal/streams/writable:391:12)
2022-11-06 00:55:35 [31merror[39m: MongoServerError: Plan executor error during findAndModify :: caused by :: E11000 duplicate key error collection: blogging.blogs index: title_1 dup key: { title: "atest for delet" }
    at Connection.onMessage (/Users/daraadesoji/Documents/Javascript/altschool/Backend_Engineering/blogging-api/node_modules/mongodb/lib/cmap/connection.js:207:30)
    at MessageStream.<anonymous> (/Users/daraadesoji/Documents/Javascript/altschool/Backend_Engineering/blogging-api/node_modules/mongodb/lib/cmap/connection.js:60:60)
    at MessageStream.emit (node:events:513:28)
    at processIncomingData (/Users/daraadesoji/Documents/Javascript/altschool/Backend_Engineering/blogging-api/node_modules/mongodb/lib/cmap/message_stream.js:132:20)
    at MessageStream._write (/Users/daraadesoji/Documents/Javascript/altschool/Backend_Engineering/blogging-api/node_modules/mongodb/lib/cmap/message_stream.js:33:9)
    at writeOrBuffer (node:internal/streams/writable:391:12)
    at _write (node:internal/streams/writable:332:10)
    at MessageStream.Writable.write (node:internal/streams/writable:336:10)
    at TLSSocket.ondata (node:internal/streams/readable:754:22)
    at TLSSocket.emit (node:events:513:28)
